\BOOKMARK [1][-]{section*.2}{\376\377\000P\000u\000r\000p\000o\000s\000e}{}% 1
\BOOKMARK [1][-]{section.1}{\376\377\000O\000b\000j\000e\000c\000t\000i\000v\000e\000s}{}% 2
\BOOKMARK [2][-]{subsection.1.1}{\376\377\000T\000i\000c\000k\000e\000t\000i\000n\000g\000\040\000s\000y\000s\000t\000e\000m}{section.1}% 3
\BOOKMARK [2][-]{subsection.1.2}{\376\377\000R\000o\000u\000t\000e\000-\000f\000i\000n\000d\000i\000n\000g}{section.1}% 4
\BOOKMARK [2][-]{subsection.1.3}{\376\377\000V\000i\000r\000t\000u\000a\000l\000\040\000b\000o\000a\000r\000d}{section.1}% 5
\BOOKMARK [2][-]{subsection.1.4}{\376\377\000R\000a\000i\000l\000\040\000s\000y\000s\000t\000e\000m\000\040\000m\000o\000d\000e\000l\000i\000n\000g}{section.1}% 6
\BOOKMARK [1][-]{section*.4}{\376\377\000S\000t\000a\000k\000e\000h\000o\000l\000d\000e\000r\000s}{}% 7
\BOOKMARK [2][-]{section*.5}{\376\377\000I\000n\000t\000e\000r\000n\000a\000l}{section*.4}% 8
\BOOKMARK [3][-]{section*.6}{\376\377\000H\000u\000m\000a\000n}{section*.5}% 9
\BOOKMARK [2][-]{section*.7}{\376\377\000E\000x\000t\000e\000r\000n\000a\000l}{section*.4}% 10
\BOOKMARK [3][-]{section*.8}{\376\377\000H\000u\000m\000a\000n}{section*.7}% 11
\BOOKMARK [3][-]{section*.9}{\376\377\000N\000o\000n\000-\000h\000u\000m\000a\000n}{section*.7}% 12
\BOOKMARK [1][-]{section.2}{\376\377\000F\000u\000n\000c\000t\000i\000o\000n\000a\000l\000\040\000r\000e\000q\000u\000i\000r\000e\000m\000e\000n\000t\000s}{}% 13
\BOOKMARK [2][-]{subsection.2.1}{\376\377\000A\000c\000c\000o\000u\000n\000t\000\040\000c\000l\000a\000s\000s\000i\000f\000i\000c\000a\000t\000i\000o\000n}{section.2}% 14
\BOOKMARK [2][-]{subsection.2.2}{\376\377\000A\000c\000c\000o\000u\000n\000t\000\040\000r\000e\000g\000i\000s\000t\000r\000a\000t\000i\000o\000n}{section.2}% 15
\BOOKMARK [2][-]{subsection.2.3}{\376\377\000C\000o\000n\000s\000e\000n\000t\000\040\000m\000a\000n\000a\000g\000e\000m\000e\000n\000t}{section.2}% 16
\BOOKMARK [2][-]{subsection.2.4}{\376\377\000A\000c\000c\000o\000u\000n\000t\000\040\000r\000e\000g\000i\000s\000t\000r\000a\000t\000i\000o\000n\000\040\000n\000o\000t\000i\000f\000i\000c\000a\000t\000i\000o\000n}{section.2}% 17
\BOOKMARK [2][-]{subsection.2.5}{\376\377\000A\000c\000c\000o\000u\000n\000t\000\040\000d\000e\000l\000e\000t\000i\000o\000n}{section.2}% 18
\BOOKMARK [2][-]{subsection.2.6}{\376\377\000A\000c\000c\000o\000u\000n\000t\000\040\000d\000e\000l\000e\000t\000i\000o\000n\000\040\000n\000o\000t\000i\000f\000i\000c\000a\000t\000i\000o\000n}{section.2}% 19
\BOOKMARK [2][-]{subsection.2.7}{\376\377\000D\000a\000t\000a\000\040\000r\000e\000q\000u\000e\000s\000t\000\040\000m\000a\000n\000a\000g\000e\000m\000e\000n\000t}{section.2}% 20
\BOOKMARK [2][-]{subsection.2.8}{\376\377\000A\000c\000c\000o\000u\000n\000t\000\040\000d\000a\000t\000a\000\040\000c\000h\000a\000n\000g\000e}{section.2}% 21
\BOOKMARK [2][-]{subsection.2.9}{\376\377\000A\000c\000c\000o\000u\000n\000t\000\040\000d\000a\000t\000a\000\040\000c\000h\000a\000n\000g\000e\000\040\000n\000o\000t\000i\000f\000i\000c\000a\000t\000i\000o\000n}{section.2}% 22
\BOOKMARK [2][-]{subsection.2.10}{\376\377\000P\000a\000s\000s\000w\000o\000r\000d\000\040\000r\000e\000s\000e\000t}{section.2}% 23
\BOOKMARK [2][-]{subsection.2.11}{\376\377\000L\000o\000g\000i\000n}{section.2}% 24
\BOOKMARK [2][-]{subsection.2.12}{\376\377\000L\000o\000g\000o\000u\000t}{section.2}% 25
\BOOKMARK [2][-]{subsection.2.13}{\376\377\000T\000i\000c\000k\000e\000t\000s\000\040\000d\000e\000t\000a\000i\000l\000s\000\040\000d\000i\000s\000p\000l\000a\000y}{section.2}% 26
\BOOKMARK [2][-]{subsection.2.14}{\376\377\000T\000i\000c\000k\000e\000t\000s\000\040\000p\000u\000r\000c\000h\000a\000s\000e}{section.2}% 27
\BOOKMARK [2][-]{subsection.2.15}{\376\377\000T\000i\000c\000k\000e\000t\000s\000\040\000p\000u\000r\000c\000h\000a\000s\000e\000\040\000c\000o\000n\000f\000i\000r\000m\000a\000t\000i\000o\000n}{section.2}% 28
\BOOKMARK [2][-]{subsection.2.16}{\376\377\000T\000i\000c\000k\000e\000t\000s\000\040\000p\000u\000r\000c\000h\000a\000s\000e\000\040\000n\000o\000t\000i\000f\000i\000c\000a\000t\000i\000o\000n}{section.2}% 29
\BOOKMARK [2][-]{subsection.2.17}{\376\377\000T\000i\000c\000k\000e\000t\000s\000\040\000c\000a\000n\000c\000e\000l\000l\000a\000t\000i\000o\000n}{section.2}% 30
\BOOKMARK [2][-]{subsection.2.18}{\376\377\000T\000i\000c\000k\000e\000t\000s\000\040\000c\000a\000n\000c\000e\000l\000l\000a\000t\000i\000o\000n\000\040\000c\000o\000n\000f\000i\000r\000m\000a\000t\000i\000o\000n}{section.2}% 31
\BOOKMARK [2][-]{subsection.2.19}{\376\377\000T\000i\000c\000k\000e\000t\000s\000\040\000c\000a\000n\000c\000e\000l\000l\000a\000t\000i\000o\000n\000\040\000n\000o\000t\000i\000f\000i\000c\000a\000t\000i\000o\000n}{section.2}% 32
\BOOKMARK [2][-]{subsection.2.20}{\376\377\000T\000i\000c\000k\000e\000t\000s\000\040\000h\000i\000s\000t\000o\000r\000y}{section.2}% 33
\BOOKMARK [2][-]{subsection.2.21}{\376\377\000T\000i\000c\000k\000e\000t\000s\000\040\000c\000l\000a\000s\000s\000i\000f\000i\000c\000a\000t\000i\000o\000n}{section.2}% 34
\BOOKMARK [2][-]{subsection.2.22}{\376\377\000P\000a\000t\000h\000\040\000s\000e\000a\000r\000c\000h}{section.2}% 35
\BOOKMARK [2][-]{subsection.2.23}{\376\377\000P\000a\000t\000h\000\040\000p\000o\000i\000n\000t\000s}{section.2}% 36
\BOOKMARK [2][-]{subsection.2.24}{\376\377\000P\000a\000t\000h\000\040\000t\000i\000m\000i\000n\000g}{section.2}% 37
\BOOKMARK [2][-]{subsection.2.25}{\376\377\000P\000a\000t\000h\000\040\000r\000a\000n\000k\000i\000n\000g}{section.2}% 38
\BOOKMARK [2][-]{subsection.2.26}{\376\377\000R\000a\000n\000k\000i\000n\000g\000\040\000l\000e\000n\000g\000t\000h}{section.2}% 39
\BOOKMARK [2][-]{subsection.2.27}{\376\377\000R\000a\000n\000k\000i\000n\000g\000\040\000d\000e\000v\000i\000a\000t\000i\000o\000n\000\040\000"\000D\000e\000p\000a\000r\000t\000u\000r\000e\000"}{section.2}% 40
\BOOKMARK [2][-]{subsection.2.28}{\376\377\000R\000a\000n\000k\000i\000n\000g\000\040\000d\000e\000v\000i\000a\000t\000i\000o\000n\000\040\0002\000\040\000"\000A\000r\000r\000i\000v\000a\000l\000"}{section.2}% 41
\BOOKMARK [2][-]{subsection.2.29}{\376\377\000R\000a\000n\000k\000i\000n\000g\000\040\000c\000o\000s\000t}{section.2}% 42
\BOOKMARK [2][-]{subsection.2.30}{\376\377\000T\000r\000a\000n\000s\000f\000e\000r\000s}{section.2}% 43
\BOOKMARK [2][-]{subsection.2.31}{\376\377\000S\000e\000g\000r\000e\000g\000a\000t\000i\000o\000n}{section.2}% 44
\BOOKMARK [2][-]{subsection.2.32}{\376\377\000S\000t\000a\000t\000i\000o\000n\000\040\000d\000i\000s\000p\000l\000a\000y}{section.2}% 45
\BOOKMARK [2][-]{subsection.2.33}{\376\377\000T\000r\000a\000i\000n\000\040\000d\000i\000s\000p\000l\000a\000y}{section.2}% 46
\BOOKMARK [2][-]{subsection.2.34}{\376\377\000P\000a\000t\000h\000\040\000d\000i\000s\000p\000l\000a\000y}{section.2}% 47
\BOOKMARK [2][-]{subsection.2.35}{\376\377\000C\000r\000e\000a\000t\000i\000n\000g\000\040\000a\000\040\000S\000e\000r\000v\000i\000c\000e\000\040\000R\000e\000q\000u\000e\000s\000t}{section.2}% 48
\BOOKMARK [2][-]{subsection.2.36}{\376\377\000D\000e\000f\000i\000n\000i\000n\000g\000\040\000a\000\040\000T\000r\000a\000i\000n\000\040\000T\000y\000p\000e}{section.2}% 49
\BOOKMARK [2][-]{subsection.2.37}{\376\377\000D\000e\000f\000i\000n\000i\000n\000g\000\040\000a\000\040\000S\000e\000r\000v\000i\000c\000e\000\040\000T\000y\000p\000e}{section.2}% 50
\BOOKMARK [2][-]{subsection.2.38}{\376\377\000V\000i\000e\000w\000i\000n\000g\000\040\000t\000h\000e\000\040\000N\000e\000t\000w\000o\000r\000k}{section.2}% 51
\BOOKMARK [2][-]{subsection.2.39}{\376\377\000R\000e\000g\000i\000s\000t\000e\000r\000i\000n\000g\000\040\000a\000\040\000S\000t\000a\000t\000i\000o\000n}{section.2}% 52
\BOOKMARK [2][-]{subsection.2.40}{\376\377\000M\000o\000d\000i\000f\000y\000i\000n\000g\000\040\000a\000\040\000S\000t\000a\000t\000i\000o\000n}{section.2}% 53
\BOOKMARK [2][-]{subsection.2.41}{\376\377\000D\000e\000l\000e\000t\000i\000n\000g\000\040\000a\000\040\000S\000t\000a\000t\000i\000o\000n}{section.2}% 54
\BOOKMARK [2][-]{subsection.2.42}{\376\377\000R\000e\000g\000i\000s\000t\000e\000r\000i\000n\000g\000\040\000a\000\040\000L\000i\000n\000e}{section.2}% 55
\BOOKMARK [2][-]{subsection.2.43}{\376\377\000M\000o\000d\000i\000f\000y\000i\000n\000g\000\040\000a\000\040\000L\000i\000n\000e}{section.2}% 56
\BOOKMARK [2][-]{subsection.2.44}{\376\377\000D\000e\000l\000e\000t\000i\000n\000g\000\040\000a\000\040\000L\000i\000n\000e}{section.2}% 57
\BOOKMARK [2][-]{subsection.2.45}{\376\377\000R\000e\000g\000i\000s\000t\000e\000r\000i\000n\000g\000\040\000a\000\040\000J\000u\000n\000c\000t\000i\000o\000n}{section.2}% 58
\BOOKMARK [2][-]{subsection.2.46}{\376\377\000M\000o\000d\000i\000f\000y\000i\000n\000g\000\040\000a\000\040\000J\000u\000n\000c\000t\000i\000o\000n}{section.2}% 59
\BOOKMARK [2][-]{subsection.2.47}{\376\377\000D\000e\000l\000e\000t\000i\000n\000g\000\040\000a\000\040\000J\000u\000n\000c\000t\000i\000o\000n}{section.2}% 60
\BOOKMARK [2][-]{subsection.2.48}{\376\377\000A\000u\000t\000o\000m\000a\000t\000e\000d\000\040\000S\000e\000r\000v\000i\000c\000e\000\040\000I\000n\000t\000e\000g\000r\000i\000t\000y\000\040\000C\000h\000e\000c\000k\000s}{section.2}% 61
\BOOKMARK [2][-]{subsection.2.49}{\376\377\000D\000i\000s\000p\000l\000a\000y\000i\000n\000g\000\040\000I\000n\000t\000e\000g\000r\000i\000t\000y\000\040\000C\000h\000e\000c\000k\000\040\000R\000e\000s\000u\000l\000t\000s}{section.2}% 62
\BOOKMARK [2][-]{subsection.2.50}{\376\377\000S\000i\000n\000g\000l\000e\000\040\000T\000r\000a\000c\000k\000\040\000L\000i\000n\000e\000\040\000A\000v\000a\000i\000l\000a\000b\000i\000l\000i\000t\000y\000\040\000C\000h\000e\000c\000k}{section.2}% 63
\BOOKMARK [2][-]{subsection.2.51}{\376\377\000P\000l\000a\000t\000f\000o\000r\000m\000\040\000A\000v\000a\000i\000l\000a\000b\000i\000l\000i\000t\000y\000\040\000C\000h\000e\000c\000k}{section.2}% 64
\BOOKMARK [2][-]{subsection.2.52}{\376\377\000T\000r\000a\000c\000k\000-\000s\000i\000d\000e\000\040\000S\000y\000s\000t\000e\000m\000s\000\040\000C\000o\000m\000p\000a\000t\000i\000b\000i\000l\000i\000t\000y\000\040\000C\000h\000e\000c\000k}{section.2}% 65
\BOOKMARK [2][-]{subsection.2.53}{\376\377\000T\000r\000a\000c\000k\000\040\000G\000e\000o\000m\000e\000t\000r\000y\000\040\000C\000h\000e\000c\000k}{section.2}% 66
\BOOKMARK [2][-]{subsection.2.54}{\376\377\000S\000e\000r\000v\000i\000c\000e\000\040\000R\000e\000q\000u\000e\000s\000t\000\040\000R\000e\000v\000i\000e\000w}{section.2}% 67
\BOOKMARK [2][-]{subsection.2.55}{\376\377\000S\000e\000r\000v\000i\000c\000e\000\040\000R\000e\000q\000u\000e\000s\000t\000\040\000a\000p\000p\000r\000o\000v\000a\000l}{section.2}% 68
\BOOKMARK [2][-]{subsection.2.56}{\376\377\000S\000e\000r\000v\000i\000c\000e\000\040\000R\000e\000q\000u\000e\000s\000t\000\040\000a\000m\000e\000n\000d\000m\000e\000n\000t}{section.2}% 69
\BOOKMARK [2][-]{subsection.2.57}{\376\377\000S\000e\000r\000v\000i\000c\000e\000\040\000R\000e\000q\000u\000e\000s\000t\000\040\000d\000e\000n\000i\000a\000l}{section.2}% 70
\BOOKMARK [2][-]{subsection.2.57}{\376\377\000R\000e\000q\000u\000i\000r\000e\000m\000e\000n\000t\000\040\000r\000e\000s\000t\000r\000i\000c\000t\000i\000o\000n\000s\000\040\000b\000a\000s\000e\000d\000\040\000o\000n\000\040\000u\000s\000e\000r\000\040\000c\000l\000a\000s\000s\000i\000f\000i\000c\000a\000t\000i\000o\000n}{section.2}% 71
\BOOKMARK [1][-]{section.3}{\376\377\000N\000o\000n\000-\000f\000u\000n\000c\000t\000i\000o\000n\000a\000l\000\040\000r\000e\000q\000u\000i\000r\000e\000m\000e\000n\000t\000s}{}% 72
\BOOKMARK [2][-]{subsection.3.1}{\376\377\000D\000a\000t\000a\000\040\000P\000r\000o\000t\000e\000c\000t\000i\000o\000n\000\040\000R\000e\000g\000u\000l\000a\000t\000i\000o\000n}{section.3}% 73
\BOOKMARK [2][-]{subsection.3.2}{\376\377\000A\000c\000c\000o\000u\000n\000t\000\040\000d\000a\000t\000a}{section.3}% 74
\BOOKMARK [2][-]{subsection.3.3}{\376\377\000A\000c\000c\000o\000u\000n\000t\000\040\000d\000a\000t\000a\000\040\000d\000e\000t\000a\000i\000l\000s}{section.3}% 75
\BOOKMARK [2][-]{subsection.3.4}{\376\377\000P\000a\000s\000s\000w\000o\000r\000d\000\040\000s\000e\000c\000u\000r\000i\000t\000y}{section.3}% 76
\BOOKMARK [2][-]{subsection.3.5}{\376\377\000T\000y\000p\000o\000\040\000p\000r\000e\000v\000e\000n\000t\000i\000o\000n}{section.3}% 77
\BOOKMARK [2][-]{subsection.3.6}{\376\377\000C\000o\000n\000s\000e\000n\000t\000\040\000f\000o\000r\000\040\000p\000e\000r\000s\000o\000n\000a\000l\000\040\000d\000a\000t\000a\000\040\000p\000r\000o\000c\000e\000s\000s\000i\000n\000g}{section.3}% 78
\BOOKMARK [2][-]{subsection.3.7}{\376\377\000R\000e\000q\000u\000e\000s\000t\000\040\000o\000f\000\040\000p\000r\000o\000c\000e\000s\000s\000e\000d\000\040\000d\000a\000t\000a}{section.3}% 79
\BOOKMARK [2][-]{subsection.3.8}{\376\377\000R\000e\000c\000t\000i\000f\000i\000c\000a\000t\000i\000o\000n\000\040\000o\000f\000\040\000p\000r\000o\000c\000e\000s\000s\000e\000d\000\040\000d\000a\000t\000a}{section.3}% 80
\BOOKMARK [2][-]{subsection.3.9}{\376\377\000E\000m\000a\000i\000l\000\040\000n\000o\000t\000i\000f\000i\000c\000a\000t\000i\000o\000n}{section.3}% 81
\BOOKMARK [2][-]{subsection.3.10}{\376\377\000S\000t\000a\000t\000i\000o\000n\000\040\000t\000o\000\040\000t\000r\000a\000i\000n\000\040\000d\000i\000s\000p\000l\000a\000y}{section.3}% 82
\BOOKMARK [2][-]{subsection.3.11}{\376\377\000T\000r\000a\000i\000n\000\040\000t\000o\000\040\000s\000t\000a\000t\000i\000o\000n\000\040\000d\000i\000s\000p\000l\000a\000y}{section.3}% 83
\BOOKMARK [2][-]{subsection.3.12}{\376\377\000S\000t\000a\000t\000i\000o\000n\000\040\000"\000f\000r\000o\000m\000"\000\040\000p\000a\000t\000h}{section.3}% 84
\BOOKMARK [2][-]{subsection.3.13}{\376\377\000S\000t\000a\000t\000i\000o\000n\000\040\000"\000t\000o\000"\000\040\000p\000a\000t\000h}{section.3}% 85
\BOOKMARK [2][-]{subsection.3.14}{\376\377\000P\000a\000t\000h\000\040\000l\000i\000s\000t\000\040\000t\000o\000\040\000p\000a\000t\000h\000\040\000l\000i\000s\000t}{section.3}% 86
\BOOKMARK [2][-]{subsection.3.15}{\376\377\000R\000a\000n\000k\000i\000n\000g\000\040\000n\000o\000n\000-\000c\000h\000o\000i\000c\000e}{section.3}% 87
