\BOOKMARK [1][-]{section*.2}{\376\377\000P\000u\000r\000p\000o\000s\000e}{}% 1
\BOOKMARK [1][-]{section.1}{\376\377\000O\000b\000j\000e\000c\000t\000i\000v\000e\000s}{}% 2
\BOOKMARK [2][-]{subsection.1.1}{\376\377\000A\000c\000c\000o\000u\000n\000t\000\040\000m\000a\000n\000a\000g\000e\000m\000e\000n\000t}{section.1}% 3
\BOOKMARK [2][-]{subsection.1.2}{\376\377\000T\000i\000c\000k\000e\000t\000i\000n\000g\000\040\000s\000y\000s\000t\000e\000m}{section.1}% 4
\BOOKMARK [2][-]{subsection.1.3}{\376\377\000R\000o\000u\000t\000e\000-\000f\000i\000n\000d\000i\000n\000g}{section.1}% 5
\BOOKMARK [2][-]{subsection.1.4}{\376\377\000V\000i\000r\000t\000u\000a\000l\000\040\000b\000o\000a\000r\000d}{section.1}% 6
\BOOKMARK [2][-]{subsection.1.5}{\376\377\000S\000t\000r\000e\000a\000m\000l\000i\000n\000i\000n\000g}{section.1}% 7
\BOOKMARK [2][-]{subsection.1.6}{\376\377\000R\000a\000i\000l\000\040\000s\000y\000s\000t\000e\000m\000\040\000m\000o\000d\000e\000l\000i\000n\000g}{section.1}% 8
\BOOKMARK [2][-]{subsection.1.7}{\376\377\000S\000e\000r\000v\000i\000c\000e\000\040\000p\000l\000a\000n\000n\000i\000n\000g}{section.1}% 9
\BOOKMARK [2][-]{subsection.1.8}{\376\377\000T\000r\000a\000i\000n\000\040\000d\000e\000f\000i\000n\000i\000t\000i\000o\000n\000s}{section.1}% 10
\BOOKMARK [1][-]{subsection.1.8}{\376\377\000S\000t\000a\000k\000e\000h\000o\000l\000d\000e\000r\000s}{}% 11
\BOOKMARK [2][-]{section*.4}{\376\377\000I\000n\000t\000e\000r\000n\000a\000l}{subsection.1.8}% 12
\BOOKMARK [3][-]{section*.5}{\376\377\000H\000u\000m\000a\000n}{section*.4}% 13
\BOOKMARK [3][-]{section*.6}{\376\377\000N\000o\000n\000-\000h\000u\000m\000a\000n}{section*.4}% 14
\BOOKMARK [2][-]{section*.7}{\376\377\000E\000x\000t\000e\000r\000n\000a\000l}{subsection.1.8}% 15
\BOOKMARK [3][-]{section*.8}{\376\377\000H\000u\000m\000a\000n}{section*.7}% 16
\BOOKMARK [3][-]{section*.9}{\376\377\000N\000o\000n\000-\000h\000u\000m\000a\000n}{section*.7}% 17
\BOOKMARK [1][-]{section.2}{\376\377\000F\000u\000n\000c\000t\000i\000o\000n\000a\000l\000\040\000r\000e\000q\000u\000i\000r\000e\000m\000e\000n\000t\000s}{}% 18
\BOOKMARK [2][-]{subsection.2.1}{\376\377\000A\000c\000c\000o\000u\000n\000t\000\040\000r\000e\000g\000i\000s\000t\000r\000a\000t\000i\000o\000n}{section.2}% 19
\BOOKMARK [2][-]{subsection.2.2}{\376\377\000A\000c\000c\000o\000u\000n\000t\000\040\000i\000n\000f\000o\000r\000m\000a\000t\000i\000o\000n}{section.2}% 20
\BOOKMARK [2][-]{subsection.2.3}{\376\377\000A\000c\000c\000o\000u\000n\000t\000\040\000d\000e\000l\000e\000t\000i\000o\000n}{section.2}% 21
\BOOKMARK [2][-]{subsection.2.4}{\376\377\000A\000c\000c\000o\000u\000n\000t\000\040\000i\000n\000f\000o\000r\000m\000a\000t\000i\000o\000n\000\040\000c\000h\000a\000n\000g\000e}{section.2}% 22
\BOOKMARK [2][-]{subsection.2.5}{\376\377\000P\000a\000s\000s\000w\000o\000r\000d\000\040\000r\000e\000s\000e\000t}{section.2}% 23
\BOOKMARK [2][-]{subsection.2.6}{\376\377\000L\000o\000g\000i\000n}{section.2}% 24
\BOOKMARK [2][-]{subsection.2.7}{\376\377\000L\000o\000g\000o\000u\000t}{section.2}% 25
\BOOKMARK [2][-]{subsection.2.8}{\376\377\000T\000i\000c\000k\000e\000t\000s\000\040\000i\000n\000f\000o\000r\000m\000a\000t\000i\000o\000n}{section.2}% 26
\BOOKMARK [2][-]{subsection.2.9}{\376\377\000T\000i\000c\000k\000e\000t\000s\000\040\000d\000e\000t\000a\000i\000l\000s\000\040\000d\000i\000s\000p\000l\000a\000y}{section.2}% 27
\BOOKMARK [2][-]{subsection.2.10}{\376\377\000T\000i\000c\000k\000e\000t\000\040\000p\000u\000r\000c\000h\000a\000s\000e}{section.2}% 28
\BOOKMARK [2][-]{subsection.2.11}{\376\377\000T\000i\000c\000k\000e\000t\000\040\000c\000a\000n\000c\000e\000l\000l\000a\000t\000i\000o\000n}{section.2}% 29
\BOOKMARK [2][-]{subsection.2.12}{\376\377\000T\000i\000c\000k\000e\000t\000\040\000h\000i\000s\000t\000o\000r\000y}{section.2}% 30
\BOOKMARK [2][-]{subsection.2.13}{\376\377\000T\000r\000a\000v\000e\000r\000s\000a\000l}{section.2}% 31
\BOOKMARK [2][-]{subsection.2.14}{\376\377\000R\000a\000n\000k\000i\000n\000g}{section.2}% 32
\BOOKMARK [2][-]{subsection.2.15}{\376\377\000H\000y\000b\000r\000i\000d\000i\000z\000a\000t\000i\000o\000n}{section.2}% 33
\BOOKMARK [2][-]{subsection.2.16}{\376\377\000S\000e\000g\000r\000e\000g\000a\000t\000i\000o\000n}{section.2}% 34
\BOOKMARK [2][-]{subsection.2.17}{\376\377\000S\000t\000a\000t\000i\000o\000n\000\040\000d\000i\000s\000p\000l\000a\000y}{section.2}% 35
\BOOKMARK [2][-]{subsection.2.18}{\376\377\000T\000r\000a\000i\000n\000\040\000d\000i\000s\000p\000l\000a\000y}{section.2}% 36
\BOOKMARK [2][-]{subsection.2.19}{\376\377\000S\000c\000h\000e\000d\000u\000l\000i\000n\000g\000\040\000c\000h\000a\000n\000g\000e\000\040\000w\000a\000r\000n\000i\000n\000g\000s}{section.2}% 37
\BOOKMARK [2][-]{subsection.2.20}{\376\377\000I\000n\000f\000e\000r\000e\000n\000c\000e}{section.2}% 38
\BOOKMARK [2][-]{subsection.2.21}{\376\377\000D\000e\000f\000i\000n\000i\000n\000g\000\040\000a\000\040\000s\000e\000r\000v\000i\000c\000e\000\040\000r\000e\000q\000u\000e\000s\000t}{section.2}% 39
\BOOKMARK [2][-]{subsection.2.22}{\376\377\000D\000e\000f\000i\000n\000i\000n\000g\000\040\000a\000\040\000t\000r\000a\000i\000n}{section.2}% 40
\BOOKMARK [2][-]{subsection.2.23}{\376\377\000D\000e\000f\000i\000n\000i\000n\000g\000\040\000a\000\040\000s\000e\000r\000v\000i\000c\000e\000\040\000t\000y\000p\000e}{section.2}% 41
\BOOKMARK [2][-]{subsection.2.24}{\376\377\000D\000e\000f\000i\000n\000i\000n\000g\000\040\000t\000h\000e\000\040\000n\000e\000t\000w\000o\000r\000k}{section.2}% 42
\BOOKMARK [2][-]{subsection.2.25}{\376\377\000V\000i\000e\000w\000i\000n\000g\000\040\000t\000h\000e\000\040\000n\000e\000t\000w\000o\000r\000k}{section.2}% 43
\BOOKMARK [2][-]{subsection.2.26}{\376\377\000D\000e\000f\000i\000n\000i\000n\000g\000\040\000a\000\040\000s\000t\000a\000t\000i\000o\000n}{section.2}% 44
\BOOKMARK [2][-]{subsection.2.27}{\376\377\000D\000e\000f\000i\000n\000i\000n\000g\000\040\000a\000\040\000l\000i\000n\000e}{section.2}% 45
\BOOKMARK [2][-]{subsection.2.28}{\376\377\000D\000e\000f\000i\000n\000i\000n\000g\000\040\000a\000\040\000j\000u\000n\000c\000t\000i\000o\000n}{section.2}% 46
\BOOKMARK [2][-]{subsection.2.29}{\376\377\000S\000e\000r\000v\000i\000c\000e\000\040\000i\000n\000t\000e\000g\000r\000i\000t\000y\000\040\000c\000h\000e\000c\000k\000s}{section.2}% 47
\BOOKMARK [2][-]{subsection.2.30}{\376\377\000S\000e\000r\000v\000i\000c\000e\000\040\000r\000e\000q\000u\000e\000s\000t\000\040\000a\000p\000p\000r\000o\000v\000a\000l}{section.2}% 48
\BOOKMARK [2][-]{subsection.2.31}{\376\377\000E\000d\000i\000t\000i\000n\000g\000\040\000t\000h\000e\000\040\000n\000e\000t\000w\000o\000r\000k}{section.2}% 49
\BOOKMARK [2][-]{subsection.2.32}{\376\377\000R\000e\000q\000u\000i\000r\000e\000m\000e\000n\000t\000s\000\040\000a\000c\000c\000e\000s\000s\000i\000b\000l\000e\000\040\000b\000a\000s\000e\000d\000\040\000o\000n\000\040\000u\000s\000e\000r\000\040\000c\000l\000a\000s\000s\000i\000f\000i\000c\000a\000t\000i\000o\000n}{section.2}% 50
\BOOKMARK [1][-]{section.3}{\376\377\000N\000o\000n\000-\000f\000u\000n\000c\000t\000i\000o\000n\000a\000l\000\040\000r\000e\000q\000u\000i\000r\000e\000m\000e\000n\000t\000s}{}% 51
\BOOKMARK [2][-]{subsection.3.1}{\376\377\000A\000c\000c\000o\000u\000n\000t\000\040\000r\000e\000g\000i\000s\000t\000r\000a\000t\000i\000o\000n\000\040\000d\000e\000t\000a\000i\000l\000s}{section.3}% 52
\BOOKMARK [2][-]{subsection.3.2}{\376\377\000D\000a\000t\000a\000\040\000p\000r\000o\000t\000e\000c\000t\000i\000o\000n\000\040\000r\000e\000g\000u\000l\000a\000t\000i\000o\000n}{section.3}% 53
\BOOKMARK [2][-]{subsection.3.3}{\376\377\000P\000a\000s\000s\000w\000o\000r\000d\000\040\000s\000e\000c\000u\000r\000i\000t\000y}{section.3}% 54
\BOOKMARK [2][-]{subsection.3.4}{\376\377\000E\000m\000a\000i\000l\000\040\000n\000o\000t\000i\000f\000i\000c\000a\000t\000i\000o\000n}{section.3}% 55
\BOOKMARK [2][-]{subsection.3.5}{\376\377\000C\000o\000n\000s\000e\000n\000t\000\040\000f\000o\000r\000\040\000p\000e\000r\000s\000o\000n\000a\000l\000\040\000d\000a\000t\000a\000\040\000p\000r\000o\000c\000e\000s\000s\000i\000n\000g}{section.3}% 56
\BOOKMARK [2][-]{subsection.3.6}{\376\377\000R\000e\000q\000u\000e\000s\000t\000\040\000o\000f\000\040\000p\000r\000o\000c\000e\000s\000s\000e\000d\000\040\000d\000a\000t\000a}{section.3}% 57
\BOOKMARK [2][-]{subsection.3.7}{\376\377\000T\000i\000c\000k\000e\000t\000s\000\040\000i\000n\000f\000o\000r\000m\000a\000t\000i\000o\000n\000\040\000c\000o\000n\000s\000i\000s\000t\000e\000n\000c\000y}{section.3}% 58
\BOOKMARK [2][-]{subsection.3.8}{\376\377\000P\000r\000o\000c\000e\000s\000s\000\040\000i\000n\000t\000e\000r\000c\000o\000n\000n\000e\000c\000t\000i\000o\000n}{section.3}% 59
\BOOKMARK [2][-]{subsection.3.9}{\376\377\000I\000n\000p\000u\000t\000\040\000m\000i\000n\000i\000m\000i\000z\000a\000t\000i\000o\000n}{section.3}% 60
\BOOKMARK [2][-]{subsection.3.10}{\376\377\000C\000o\000m\000p\000u\000t\000a\000t\000i\000o\000n\000a\000l\000\040\000s\000p\000e\000e\000d}{section.3}% 61
\BOOKMARK [2][-]{subsection.3.11}{\376\377\000T\000o\000p\000o\000l\000o\000g\000y}{section.3}% 62
\BOOKMARK [2][-]{subsection.3.12}{\376\377\000I\000D\000\040\000u\000n\000i\000q\000u\000e\000n\000e\000s\000s}{section.3}% 63
