\BOOKMARK [1][-]{section*.2}{\376\377\000P\000u\000r\000p\000o\000s\000e}{}% 1
\BOOKMARK [1][-]{section.1}{\376\377\000R\000E\000:\000\040\000O\000b\000j\000e\000c\000t\000i\000v\000e\000s}{}% 2
\BOOKMARK [2][-]{subsection.1.1}{\376\377\000T\000i\000c\000k\000e\000t\000i\000n\000g\000\040\000s\000y\000s\000t\000e\000m}{section.1}% 3
\BOOKMARK [2][-]{subsection.1.2}{\376\377\000R\000o\000u\000t\000e\000-\000f\000i\000n\000d\000i\000n\000g}{section.1}% 4
\BOOKMARK [2][-]{subsection.1.3}{\376\377\000V\000i\000r\000t\000u\000a\000l\000\040\000b\000o\000a\000r\000d}{section.1}% 5
\BOOKMARK [2][-]{subsection.1.4}{\376\377\000R\000a\000i\000l\000\040\000s\000y\000s\000t\000e\000m\000\040\000m\000o\000d\000e\000l\000i\000n\000g}{section.1}% 6
\BOOKMARK [1][-]{section*.4}{\376\377\000R\000E\000:\000\040\000S\000t\000a\000k\000e\000h\000o\000l\000d\000e\000r\000s}{}% 7
\BOOKMARK [2][-]{section*.5}{\376\377\000I\000n\000t\000e\000r\000n\000a\000l}{section*.4}% 8
\BOOKMARK [3][-]{section*.6}{\376\377\000H\000u\000m\000a\000n}{section*.5}% 9
\BOOKMARK [3][-]{section*.7}{\376\377\000H\000u\000m\000a\000n}{section*.5}% 10
\BOOKMARK [2][-]{section*.8}{\376\377\000E\000x\000t\000e\000r\000n\000a\000l}{section*.4}% 11
\BOOKMARK [3][-]{section*.9}{\376\377\000H\000u\000m\000a\000n}{section*.8}% 12
\BOOKMARK [3][-]{section*.10}{\376\377\000N\000o\000n\000-\000h\000u\000m\000a\000n}{section*.8}% 13
\BOOKMARK [1][-]{section.2}{\376\377\000U\000s\000e\000\040\000C\000a\000s\000e\000s}{}% 14
\BOOKMARK [1][-]{section.3}{\376\377\000C\000o\000m\000p\000o\000n\000e\000n\000t\000\040\000D\000i\000a\000g\000r\000a\000m}{}% 15
\BOOKMARK [2][-]{subsection.3.1}{\376\377\000U\000s\000e\000r\000\040\000a\000u\000t\000h\000e\000n\000t\000i\000c\000a\000t\000i\000o\000n}{section.3}% 16
\BOOKMARK [2][-]{subsection.3.2}{\376\377\000U\000s\000e\000r\000\040\000m\000a\000n\000a\000g\000e\000m\000e\000n\000t}{section.3}% 17
\BOOKMARK [2][-]{subsection.3.3}{\376\377\000T\000i\000c\000k\000e\000t\000i\000n\000g\000\040\000m\000a\000n\000a\000g\000e\000m\000e\000n\000t}{section.3}% 18
\BOOKMARK [2][-]{subsection.3.4}{\376\377\000P\000a\000t\000h\000\040\000f\000i\000n\000d\000i\000n\000g}{section.3}% 19
\BOOKMARK [2][-]{subsection.3.5}{\376\377\000I\000n\000f\000o\000\040\000v\000i\000e\000w}{section.3}% 20
\BOOKMARK [2][-]{subsection.3.6}{\376\377\000N\000e\000t\000w\000o\000r\000k\000\040\000m\000a\000n\000a\000g\000e\000m\000e\000n\000t}{section.3}% 21
\BOOKMARK [2][-]{subsection.3.7}{\376\377\000S\000e\000r\000v\000i\000c\000e\000\040\000m\000a\000n\000a\000g\000e\000m\000e\000n\000t}{section.3}% 22
\BOOKMARK [1][-]{section.4}{\376\377\000C\000l\000a\000s\000s\000\040\000D\000i\000a\000g\000r\000a\000m}{}% 23
\BOOKMARK [1][-]{section.4}{\376\377\000C\000o\000n\000t\000e\000x\000t\000\040\000D\000e\000s\000c\000r\000i\000p\000t\000i\000o\000n\000\040\000\050\000D\0001\000\051}{}% 24
\BOOKMARK [1][-]{section.5}{\376\377\000O\000b\000j\000e\000c\000t\000i\000v\000e\000s}{}% 25
\BOOKMARK [2][-]{subsection.5.1}{\376\377\000T\000i\000c\000k\000e\000t\000i\000n\000g\000\040\000s\000y\000s\000t\000e\000m}{section.5}% 26
\BOOKMARK [2][-]{subsection.5.2}{\376\377\000R\000o\000u\000t\000e\000-\000f\000i\000n\000d\000i\000n\000g}{section.5}% 27
\BOOKMARK [2][-]{subsection.5.3}{\376\377\000V\000i\000r\000t\000u\000a\000l\000\040\000b\000o\000a\000r\000d}{section.5}% 28
\BOOKMARK [2][-]{subsection.5.4}{\376\377\000R\000a\000i\000l\000\040\000s\000y\000s\000t\000e\000m\000\040\000m\000o\000d\000e\000l\000i\000n\000g}{section.5}% 29
\BOOKMARK [1][-]{section*.13}{\376\377\000S\000t\000a\000k\000e\000h\000o\000l\000d\000e\000r\000s}{}% 30
\BOOKMARK [2][-]{section*.14}{\376\377\000I\000n\000t\000e\000r\000n\000a\000l}{section*.13}% 31
\BOOKMARK [3][-]{section*.15}{\376\377\000H\000u\000m\000a\000n}{section*.14}% 32
\BOOKMARK [3][-]{section*.16}{\376\377\000H\000u\000m\000a\000n}{section*.14}% 33
\BOOKMARK [2][-]{section*.17}{\376\377\000E\000x\000t\000e\000r\000n\000a\000l}{section*.13}% 34
\BOOKMARK [3][-]{section*.18}{\376\377\000H\000u\000m\000a\000n}{section*.17}% 35
\BOOKMARK [3][-]{section*.19}{\376\377\000N\000o\000n\000-\000h\000u\000m\000a\000n}{section*.17}% 36
\BOOKMARK [1][-]{section.6}{\376\377\000F\000u\000n\000c\000t\000i\000o\000n\000a\000l\000\040\000r\000e\000q\000u\000i\000r\000e\000m\000e\000n\000t\000s}{}% 37
\BOOKMARK [2][-]{subsection.6.1}{\376\377\000A\000c\000c\000o\000u\000n\000t\000\040\000c\000l\000a\000s\000s\000i\000f\000i\000c\000a\000t\000i\000o\000n}{section.6}% 38
\BOOKMARK [2][-]{subsection.6.2}{\376\377\000A\000c\000c\000o\000u\000n\000t\000\040\000r\000e\000g\000i\000s\000t\000r\000a\000t\000i\000o\000n}{section.6}% 39
\BOOKMARK [3][-]{subsubsection.6.2.1}{\376\377\000C\000o\000n\000s\000e\000n\000t\000\040\000m\000a\000n\000a\000g\000e\000m\000e\000n\000t}{subsection.6.2}% 40
\BOOKMARK [3][-]{subsubsection.6.2.2}{\376\377\000A\000c\000c\000o\000u\000n\000t\000\040\000r\000e\000g\000i\000s\000t\000r\000a\000t\000i\000o\000n\000\040\000n\000o\000t\000i\000f\000i\000c\000a\000t\000i\000o\000n}{subsection.6.2}% 41
\BOOKMARK [2][-]{subsection.6.3}{\376\377\000A\000c\000c\000o\000u\000n\000t\000\040\000d\000e\000l\000e\000t\000i\000o\000n}{section.6}% 42
\BOOKMARK [3][-]{subsubsection.6.3.1}{\376\377\000A\000c\000c\000o\000u\000n\000t\000\040\000d\000e\000l\000e\000t\000i\000o\000n\000\040\000n\000o\000t\000i\000f\000i\000c\000a\000t\000i\000o\000n}{subsection.6.3}% 43
\BOOKMARK [2][-]{subsection.6.4}{\376\377\000D\000a\000t\000a\000\040\000r\000e\000q\000u\000e\000s\000t\000\040\000m\000a\000n\000a\000g\000e\000m\000e\000n\000t}{section.6}% 44
\BOOKMARK [2][-]{subsection.6.5}{\376\377\000A\000c\000c\000o\000u\000n\000t\000\040\000d\000a\000t\000a\000\040\000c\000h\000a\000n\000g\000e}{section.6}% 45
\BOOKMARK [3][-]{subsubsection.6.5.1}{\376\377\000A\000c\000c\000o\000u\000n\000t\000\040\000d\000a\000t\000a\000\040\000c\000h\000a\000n\000g\000e\000\040\000n\000o\000t\000i\000f\000i\000c\000a\000t\000i\000o\000n}{subsection.6.5}% 46
\BOOKMARK [2][-]{subsection.6.6}{\376\377\000P\000a\000s\000s\000w\000o\000r\000d\000\040\000r\000e\000s\000e\000t}{section.6}% 47
\BOOKMARK [2][-]{subsection.6.7}{\376\377\000L\000o\000g\000i\000n}{section.6}% 48
\BOOKMARK [2][-]{subsection.6.8}{\376\377\000L\000o\000g\000o\000u\000t}{section.6}% 49
\BOOKMARK [2][-]{subsection.6.9}{\376\377\000T\000i\000c\000k\000e\000t\000s\000\040\000d\000e\000t\000a\000i\000l\000s\000\040\000d\000i\000s\000p\000l\000a\000y}{section.6}% 50
\BOOKMARK [2][-]{subsection.6.10}{\376\377\000T\000i\000c\000k\000e\000t\000s\000\040\000p\000u\000r\000c\000h\000a\000s\000e}{section.6}% 51
\BOOKMARK [3][-]{subsubsection.6.10.1}{\376\377\000T\000i\000c\000k\000e\000t\000s\000\040\000p\000u\000r\000c\000h\000a\000s\000e\000\040\000c\000o\000n\000f\000i\000r\000m\000a\000t\000i\000o\000n}{subsection.6.10}% 52
\BOOKMARK [3][-]{subsubsection.6.10.2}{\376\377\000T\000i\000c\000k\000e\000t\000s\000\040\000p\000u\000r\000c\000h\000a\000s\000e\000\040\000n\000o\000t\000i\000f\000i\000c\000a\000t\000i\000o\000n}{subsection.6.10}% 53
\BOOKMARK [2][-]{subsection.6.11}{\376\377\000T\000i\000c\000k\000e\000t\000s\000\040\000c\000a\000n\000c\000e\000l\000l\000a\000t\000i\000o\000n}{section.6}% 54
\BOOKMARK [3][-]{subsubsection.6.11.1}{\376\377\000T\000i\000c\000k\000e\000t\000s\000\040\000c\000a\000n\000c\000e\000l\000l\000a\000t\000i\000o\000n\000\040\000c\000o\000n\000f\000i\000r\000m\000a\000t\000i\000o\000n}{subsection.6.11}% 55
\BOOKMARK [3][-]{subsubsection.6.11.2}{\376\377\000T\000i\000c\000k\000e\000t\000s\000\040\000c\000a\000n\000c\000e\000l\000l\000a\000t\000i\000o\000n\000\040\000n\000o\000t\000i\000f\000i\000c\000a\000t\000i\000o\000n}{subsection.6.11}% 56
\BOOKMARK [2][-]{subsection.6.12}{\376\377\000T\000i\000c\000k\000e\000t\000s\000\040\000h\000i\000s\000t\000o\000r\000y}{section.6}% 57
\BOOKMARK [3][-]{subsubsection.6.12.1}{\376\377\000T\000i\000c\000k\000e\000t\000s\000\040\000c\000l\000a\000s\000s\000i\000f\000i\000c\000a\000t\000i\000o\000n}{subsection.6.12}% 58
\BOOKMARK [2][-]{subsection.6.13}{\376\377\000P\000a\000t\000h\000\040\000s\000e\000a\000r\000c\000h}{section.6}% 59
\BOOKMARK [3][-]{subsubsection.6.13.1}{\376\377\000P\000a\000t\000h\000\040\000p\000o\000i\000n\000t\000s}{subsection.6.13}% 60
\BOOKMARK [3][-]{subsubsection.6.13.2}{\376\377\000P\000a\000t\000h\000\040\000t\000i\000m\000i\000n\000g}{subsection.6.13}% 61
\BOOKMARK [2][-]{subsection.6.14}{\376\377\000P\000a\000t\000h\000\040\000r\000a\000n\000k\000i\000n\000g}{section.6}% 62
\BOOKMARK [3][-]{subsubsection.6.14.1}{\376\377\000R\000a\000n\000k\000i\000n\000g\000\040\000l\000e\000n\000g\000t\000h}{subsection.6.14}% 63
\BOOKMARK [3][-]{subsubsection.6.14.2}{\376\377\000R\000a\000n\000k\000i\000n\000g\000\040\000d\000e\000v\000i\000a\000t\000i\000o\000n\000\040\000"\000D\000e\000p\000a\000r\000t\000u\000r\000e\000"}{subsection.6.14}% 64
\BOOKMARK [3][-]{subsubsection.6.14.3}{\376\377\000R\000a\000n\000k\000i\000n\000g\000\040\000d\000e\000v\000i\000a\000t\000i\000o\000n\000\040\0002\000\040\000"\000A\000r\000r\000i\000v\000a\000l\000"}{subsection.6.14}% 65
\BOOKMARK [3][-]{subsubsection.6.14.4}{\376\377\000R\000a\000n\000k\000i\000n\000g\000\040\000c\000o\000s\000t}{subsection.6.14}% 66
\BOOKMARK [2][-]{subsection.6.15}{\376\377\000T\000r\000a\000n\000s\000f\000e\000r\000s}{section.6}% 67
\BOOKMARK [2][-]{subsection.6.16}{\376\377\000T\000r\000a\000i\000n\000\040\000a\000c\000c\000e\000s\000s\000\040\000r\000e\000s\000t\000r\000i\000c\000t\000i\000o\000n}{section.6}% 68
\BOOKMARK [2][-]{subsection.6.17}{\376\377\000S\000t\000a\000t\000i\000o\000n\000\040\000d\000i\000s\000p\000l\000a\000y}{section.6}% 69
\BOOKMARK [3][-]{subsubsection.6.17.1}{\376\377\000S\000t\000a\000t\000i\000o\000n\000\040\000s\000e\000a\000r\000c\000h}{subsection.6.17}% 70
\BOOKMARK [2][-]{subsection.6.18}{\376\377\000T\000r\000a\000i\000n\000\040\000d\000i\000s\000p\000l\000a\000y}{section.6}% 71
\BOOKMARK [3][-]{subsubsection.6.18.1}{\376\377\000T\000r\000a\000i\000n\000\040\000s\000e\000a\000r\000c\000h}{subsection.6.18}% 72
\BOOKMARK [2][-]{subsection.6.19}{\376\377\000P\000a\000t\000h\000\040\000d\000i\000s\000p\000l\000a\000y}{section.6}% 73
\BOOKMARK [2][-]{subsection.6.20}{\376\377\000C\000r\000e\000a\000t\000i\000n\000g\000\040\000a\000\040\000S\000e\000r\000v\000i\000c\000e\000\040\000R\000e\000q\000u\000e\000s\000t}{section.6}% 74
\BOOKMARK [2][-]{subsection.6.21}{\376\377\000D\000e\000f\000i\000n\000i\000n\000g\000\040\000a\000\040\000T\000r\000a\000i\000n\000\040\000T\000y\000p\000e}{section.6}% 75
\BOOKMARK [2][-]{subsection.6.22}{\376\377\000D\000e\000f\000i\000n\000i\000n\000g\000\040\000a\000\040\000S\000e\000r\000v\000i\000c\000e\000\040\000T\000y\000p\000e}{section.6}% 76
\BOOKMARK [2][-]{subsection.6.23}{\376\377\000V\000i\000e\000w\000i\000n\000g\000\040\000t\000h\000e\000\040\000N\000e\000t\000w\000o\000r\000k}{section.6}% 77
\BOOKMARK [2][-]{subsection.6.24}{\376\377\000M\000a\000n\000a\000g\000i\000n\000g\000\040\000a\000\040\000S\000t\000a\000t\000i\000o\000n}{section.6}% 78
\BOOKMARK [3][-]{subsubsection.6.24.1}{\376\377\000R\000e\000g\000i\000s\000t\000e\000r\000i\000n\000g\000\040\000a\000\040\000S\000t\000a\000t\000i\000o\000n}{subsection.6.24}% 79
\BOOKMARK [3][-]{subsubsection.6.24.2}{\376\377\000M\000o\000d\000i\000f\000y\000i\000n\000g\000\040\000a\000\040\000S\000t\000a\000t\000i\000o\000n}{subsection.6.24}% 80
\BOOKMARK [3][-]{subsubsection.6.24.3}{\376\377\000D\000e\000l\000e\000t\000i\000n\000g\000\040\000a\000\040\000S\000t\000a\000t\000i\000o\000n}{subsection.6.24}% 81
\BOOKMARK [2][-]{subsection.6.25}{\376\377\000M\000a\000n\000a\000g\000i\000n\000g\000\040\000a\000\040\000L\000i\000n\000e}{section.6}% 82
\BOOKMARK [3][-]{subsubsection.6.25.1}{\376\377\000R\000e\000g\000i\000s\000t\000e\000r\000i\000n\000g\000\040\000a\000\040\000L\000i\000n\000e}{subsection.6.25}% 83
\BOOKMARK [3][-]{subsubsection.6.25.2}{\376\377\000M\000o\000d\000i\000f\000y\000i\000n\000g\000\040\000a\000\040\000L\000i\000n\000e}{subsection.6.25}% 84
\BOOKMARK [3][-]{subsubsection.6.25.3}{\376\377\000D\000e\000l\000e\000t\000i\000n\000g\000\040\000a\000\040\000L\000i\000n\000e}{subsection.6.25}% 85
\BOOKMARK [2][-]{subsection.6.26}{\376\377\000M\000a\000n\000a\000g\000i\000n\000g\000\040\000a\000\040\000J\000u\000n\000c\000t\000i\000o\000n}{section.6}% 86
\BOOKMARK [3][-]{subsubsection.6.26.1}{\376\377\000R\000e\000g\000i\000s\000t\000e\000r\000i\000n\000g\000\040\000a\000\040\000J\000u\000n\000c\000t\000i\000o\000n}{subsection.6.26}% 87
\BOOKMARK [3][-]{subsubsection.6.26.2}{\376\377\000M\000o\000d\000i\000f\000y\000i\000n\000g\000\040\000a\000\040\000J\000u\000n\000c\000t\000i\000o\000n}{subsection.6.26}% 88
\BOOKMARK [3][-]{subsubsection.6.26.3}{\376\377\000D\000e\000l\000e\000t\000i\000n\000g\000\040\000a\000\040\000J\000u\000n\000c\000t\000i\000o\000n}{subsection.6.26}% 89
\BOOKMARK [2][-]{subsection.6.27}{\376\377\000A\000u\000t\000o\000m\000a\000t\000e\000d\000\040\000S\000e\000r\000v\000i\000c\000e\000\040\000I\000n\000t\000e\000g\000r\000i\000t\000y\000\040\000C\000h\000e\000c\000k\000s}{section.6}% 90
\BOOKMARK [3][-]{subsubsection.6.27.1}{\376\377\000S\000i\000n\000g\000l\000e\000\040\000T\000r\000a\000c\000k\000\040\000L\000i\000n\000e\000\040\000A\000v\000a\000i\000l\000a\000b\000i\000l\000i\000t\000y\000\040\000C\000h\000e\000c\000k}{subsection.6.27}% 91
\BOOKMARK [3][-]{subsubsection.6.27.2}{\376\377\000P\000l\000a\000t\000f\000o\000r\000m\000\040\000A\000v\000a\000i\000l\000a\000b\000i\000l\000i\000t\000y\000\040\000C\000h\000e\000c\000k}{subsection.6.27}% 92
\BOOKMARK [3][-]{subsubsection.6.27.3}{\376\377\000T\000r\000a\000c\000k\000-\000s\000i\000d\000e\000\040\000S\000y\000s\000t\000e\000m\000s\000\040\000C\000o\000m\000p\000a\000t\000i\000b\000i\000l\000i\000t\000y\000\040\000C\000h\000e\000c\000k}{subsection.6.27}% 93
\BOOKMARK [3][-]{subsubsection.6.27.4}{\376\377\000T\000r\000a\000c\000k\000\040\000G\000e\000o\000m\000e\000t\000r\000y\000\040\000C\000h\000e\000c\000k}{subsection.6.27}% 94
\BOOKMARK [2][-]{subsection.6.28}{\376\377\000D\000i\000s\000p\000l\000a\000y\000i\000n\000g\000\040\000I\000n\000t\000e\000g\000r\000i\000t\000y\000\040\000C\000h\000e\000c\000k\000\040\000R\000e\000s\000u\000l\000t\000s}{section.6}% 95
\BOOKMARK [2][-]{subsection.6.29}{\376\377\000S\000e\000r\000v\000i\000c\000e\000\040\000R\000e\000q\000u\000e\000s\000t\000\040\000R\000e\000v\000i\000e\000w}{section.6}% 96
\BOOKMARK [3][-]{subsubsection.6.29.1}{\376\377\000S\000e\000r\000v\000i\000c\000e\000\040\000R\000e\000q\000u\000e\000s\000t\000\040\000a\000p\000p\000r\000o\000v\000a\000l}{subsection.6.29}% 97
\BOOKMARK [3][-]{subsubsection.6.29.2}{\376\377\000S\000e\000r\000v\000i\000c\000e\000\040\000R\000e\000q\000u\000e\000s\000t\000\040\000a\000m\000e\000n\000d\000m\000e\000n\000t}{subsection.6.29}% 98
\BOOKMARK [3][-]{subsubsection.6.29.3}{\376\377\000S\000e\000r\000v\000i\000c\000e\000\040\000R\000e\000q\000u\000e\000s\000t\000\040\000d\000e\000n\000i\000a\000l}{subsection.6.29}% 99
\BOOKMARK [2][-]{subsubsection.6.29.3}{\376\377\000R\000e\000q\000u\000i\000r\000e\000m\000e\000n\000t\000\040\000r\000e\000s\000t\000r\000i\000c\000t\000i\000o\000n\000s\000\040\000b\000a\000s\000e\000d\000\040\000o\000n\000\040\000u\000s\000e\000r\000\040\000c\000l\000a\000s\000s\000i\000f\000i\000c\000a\000t\000i\000o\000n}{section.6}% 100
\BOOKMARK [1][-]{section.7}{\376\377\000N\000o\000n\000-\000f\000u\000n\000c\000t\000i\000o\000n\000a\000l\000\040\000r\000e\000q\000u\000i\000r\000e\000m\000e\000n\000t\000s}{}% 101
\BOOKMARK [2][-]{subsection.7.1}{\376\377\000D\000a\000t\000a\000\040\000P\000r\000o\000t\000e\000c\000t\000i\000o\000n\000\040\000R\000e\000g\000u\000l\000a\000t\000i\000o\000n}{section.7}% 102
\BOOKMARK [2][-]{subsection.7.2}{\376\377\000A\000c\000c\000o\000u\000n\000t\000\040\000d\000a\000t\000a}{section.7}% 103
\BOOKMARK [2][-]{subsection.7.3}{\376\377\000A\000c\000c\000o\000u\000n\000t\000\040\000d\000a\000t\000a\000\040\000d\000e\000t\000a\000i\000l\000s}{section.7}% 104
\BOOKMARK [2][-]{subsection.7.4}{\376\377\000P\000a\000s\000s\000w\000o\000r\000d\000\040\000s\000e\000c\000u\000r\000i\000t\000y}{section.7}% 105
\BOOKMARK [2][-]{subsection.7.5}{\376\377\000T\000y\000p\000o\000\040\000p\000r\000e\000v\000e\000n\000t\000i\000o\000n}{section.7}% 106
\BOOKMARK [2][-]{subsection.7.6}{\376\377\000C\000o\000n\000s\000e\000n\000t\000\040\000f\000o\000r\000\040\000p\000e\000r\000s\000o\000n\000a\000l\000\040\000d\000a\000t\000a\000\040\000p\000r\000o\000c\000e\000s\000s\000i\000n\000g}{section.7}% 107
\BOOKMARK [2][-]{subsection.7.7}{\376\377\000R\000e\000q\000u\000e\000s\000t\000\040\000o\000f\000\040\000p\000r\000o\000c\000e\000s\000s\000e\000d\000\040\000d\000a\000t\000a}{section.7}% 108
\BOOKMARK [2][-]{subsection.7.8}{\376\377\000R\000e\000c\000t\000i\000f\000i\000c\000a\000t\000i\000o\000n\000\040\000o\000f\000\040\000p\000r\000o\000c\000e\000s\000s\000e\000d\000\040\000d\000a\000t\000a}{section.7}% 109
\BOOKMARK [2][-]{subsection.7.9}{\376\377\000E\000m\000a\000i\000l\000\040\000n\000o\000t\000i\000f\000i\000c\000a\000t\000i\000o\000n}{section.7}% 110
\BOOKMARK [2][-]{subsection.7.10}{\376\377\000S\000t\000a\000t\000i\000o\000n\000-\000t\000r\000a\000i\000n\000\040\000d\000i\000s\000p\000l\000a\000y\000\040\000s\000w\000i\000t\000c\000h\000i\000n\000g}{section.7}% 111
\BOOKMARK [3][-]{subsubsection.7.10.1}{\376\377\000S\000t\000a\000t\000i\000o\000n\000\040\000t\000o\000\040\000t\000r\000a\000i\000n\000\040\000d\000i\000s\000p\000l\000a\000y}{subsection.7.10}% 112
\BOOKMARK [3][-]{subsubsection.7.10.2}{\376\377\000T\000r\000a\000i\000n\000\040\000t\000o\000\040\000s\000t\000a\000t\000i\000o\000n\000\040\000d\000i\000s\000p\000l\000a\000y}{subsection.7.10}% 113
\BOOKMARK [2][-]{subsection.7.11}{\376\377\000S\000t\000a\000t\000i\000o\000n\000-\000p\000a\000t\000h\000\040\000s\000e\000a\000r\000c\000h\000i\000n\000g\000\040\000s\000w\000i\000t\000c\000h\000i\000n\000g}{section.7}% 114
\BOOKMARK [3][-]{subsubsection.7.11.1}{\376\377\000S\000t\000a\000t\000i\000o\000n\000\040\000"\000f\000r\000o\000m\000"\000\040\000p\000a\000t\000h}{subsection.7.11}% 115
\BOOKMARK [3][-]{subsubsection.7.11.2}{\376\377\000S\000t\000a\000t\000i\000o\000n\000\040\000"\000t\000o\000"\000\040\000p\000a\000t\000h}{subsection.7.11}% 116
\BOOKMARK [2][-]{subsection.7.12}{\376\377\000P\000a\000t\000h\000\040\000l\000i\000s\000t\000\040\000t\000o\000\040\000p\000a\000t\000h\000\040\000l\000i\000s\000t}{section.7}% 117
\BOOKMARK [2][-]{subsection.7.13}{\376\377\000R\000a\000n\000k\000i\000n\000g\000\040\000n\000o\000n\000-\000c\000h\000o\000i\000c\000e}{section.7}% 118
\BOOKMARK [2][-]{subsection.7.14}{\376\377\000N\000e\000t\000w\000o\000r\000k\000\040\000i\000n\000f\000r\000a\000s\000t\000r\000u\000c\000t\000u\000r\000e}{section.7}% 119
