This is pdfTeX, Version 3.141592653-2.6-1.40.29 (TeX Live 2026/Arch Linux) (preloaded format=pdflatex 2026.4.17)  13 MAY 2026 15:52
entering extended mode
 restricted \write18 enabled.
 %&-line parsing enabled.
**D2_DispatchNet.tex
(./D2_DispatchNet.tex
LaTeX2e <2025-11-01>
L3 programming layer <2026-01-19>
(/usr/share/texmf-dist/tex/latex/base/article.cls
Document Class: article 2025/01/22 v1.4n Standard LaTeX document class
(/usr/share/texmf-dist/tex/latex/base/size12.clo
File: size12.clo 2025/01/22 v1.4n Standard LaTeX file (size option)
)
\c@part=\count275
\c@section=\count276
\c@subsection=\count277
\c@subsubsection=\count278
\c@paragraph=\count279
\c@subparagraph=\count280
\c@figure=\count281
\c@table=\count282
\abovecaptionskip=\skip49
\belowcaptionskip=\skip50
\bibindent=\dimen148
)
(/usr/share/texmf-dist/tex/latex/fancyhdr/fancyhdr.sty
Package: fancyhdr 2025/02/07 v5.2 Extensive control of page headers and footers

\f@nch@headwidth=\skip51
\f@nch@offset@elh=\skip52
\f@nch@offset@erh=\skip53
\f@nch@offset@olh=\skip54
\f@nch@offset@orh=\skip55
\f@nch@offset@elf=\skip56
\f@nch@offset@erf=\skip57
\f@nch@offset@olf=\skip58
\f@nch@offset@orf=\skip59
\f@nch@height=\skip60
\f@nch@footalignment=\skip61
\f@nch@widthL=\skip62
\f@nch@widthC=\skip63
\f@nch@widthR=\skip64
\@temptokenb=\toks17
)
(/usr/share/texmf-dist/tex/latex/hyperref/hyperref.sty
Package: hyperref 2026-01-29 v7.01p Hypertext links for LaTeX

(/usr/share/texmf-dist/tex/generic/iftex/iftex.sty
Package: iftex 2024/12/12 v1.0g TeX engine tests
)
(/usr/share/texmf-dist/tex/latex/graphics/keyval.sty
Package: keyval 2022/05/29 v1.15 key=value parser (DPC)
\KV@toks@=\toks18
)
(/usr/share/texmf-dist/tex/latex/kvsetkeys/kvsetkeys.sty
Package: kvsetkeys 2022-10-05 v1.19 Key value parser (HO)
)
(/usr/share/texmf-dist/tex/generic/kvdefinekeys/kvdefinekeys.sty
Package: kvdefinekeys 2019-12-19 v1.6 Define keys (HO)
)
(/usr/share/texmf-dist/tex/generic/pdfescape/pdfescape.sty
Package: pdfescape 2019/12/09 v1.15 Implements pdfTeX's escape features (HO)

(/usr/share/texmf-dist/tex/generic/ltxcmds/ltxcmds.sty
Package: ltxcmds 2023-12-04 v1.26 LaTeX kernel commands for general use (HO)
)
(/usr/share/texmf-dist/tex/generic/pdftexcmds/pdftexcmds.sty
Package: pdftexcmds 2020-06-27 v0.33 Utility functions of pdfTeX for LuaTeX (HO
)

(/home/alessio/texmf/tex/latex/infwarerr.sty
Package: infwarerr 2019/12/03 v1.5 Providing info/warning/error messages (HO)
)
Package pdftexcmds Info: \pdf@primitive is available.
Package pdftexcmds Info: \pdf@ifprimitive is available.
Package pdftexcmds Info: \pdfdraftmode found.
))
(/usr/share/texmf-dist/tex/latex/hycolor/hycolor.sty
Package: hycolor 2020-01-27 v1.10 Color options for hyperref/bookmark (HO)
)
(/usr/share/texmf-dist/tex/latex/hyperref/nameref.sty
Package: nameref 2026-01-29 v2.58 Cross-referencing by name of section

(/usr/share/texmf-dist/tex/latex/refcount/refcount.sty
Package: refcount 2019/12/15 v3.6 Data extraction from label references (HO)
)
(/usr/share/texmf-dist/tex/generic/gettitlestring/gettitlestring.sty
Package: gettitlestring 2019/12/15 v1.6 Cleanup title references (HO)

(/usr/share/texmf-dist/tex/latex/kvoptions/kvoptions.sty
Package: kvoptions 2022-06-15 v3.15 Key value format for package options (HO)
))
\c@section@level=\count283
)
(/usr/share/texmf-dist/tex/latex/etoolbox/etoolbox.sty
Package: etoolbox 2025/10/02 v2.5m e-TeX tools for LaTeX (JAW)
\etb@tempcnta=\count284
)
(/usr/share/texmf-dist/tex/generic/stringenc/stringenc.sty
Package: stringenc 2019/11/29 v1.12 Convert strings between diff. encodings (HO
)
)
\@linkdim=\dimen149
\Hy@linkcounter=\count285
\Hy@pagecounter=\count286

(/usr/share/texmf-dist/tex/latex/hyperref/pd1enc.def
File: pd1enc.def 2026-01-29 v7.01p Hyperref: PDFDocEncoding definition (HO)
Now handling font encoding PD1 ...
... no UTF-8 mapping file for font encoding PD1
)
(/usr/share/texmf-dist/tex/generic/intcalc/intcalc.sty
Package: intcalc 2019/12/15 v1.3 Expandable calculations with integers (HO)
)
\Hy@SavedSpaceFactor=\count287

(/usr/share/texmf-dist/tex/latex/hyperref/puenc.def
File: puenc.def 2026-01-29 v7.01p Hyperref: PDF Unicode definition (HO)
Now handling font encoding PU ...
... no UTF-8 mapping file for font encoding PU
)
Package hyperref Info: Hyper figures OFF on input line 4201.
Package hyperref Info: Link nesting OFF on input line 4206.
Package hyperref Info: Hyper index ON on input line 4209.
Package hyperref Info: Plain pages OFF on input line 4216.
Package hyperref Info: Backreferencing OFF on input line 4221.
Package hyperref Info: Implicit mode ON; LaTeX internals redefined.
Package hyperref Info: Bookmarks ON on input line 4468.
\c@Hy@tempcnt=\count288

(/usr/share/texmf-dist/tex/latex/url/url.sty
\Urlmuskip=\muskip17
Package: url 2013/09/16  ver 3.4  Verb mode for urls, etc.
)
LaTeX Info: Redefining \url on input line 4807.
\XeTeXLinkMargin=\dimen150

(/usr/share/texmf-dist/tex/generic/bitset/bitset.sty
Package: bitset 2019/12/09 v1.3 Handle bit-vector datatype (HO)

(/usr/share/texmf-dist/tex/generic/bigintcalc/bigintcalc.sty
Package: bigintcalc 2019/12/15 v1.5 Expandable calculations on big integers (HO
)
))
\Fld@menulength=\count289
\Field@Width=\dimen151
\Fld@charsize=\dimen152
Package hyperref Info: Hyper figures OFF on input line 6084.
Package hyperref Info: Link nesting OFF on input line 6089.
Package hyperref Info: Hyper index ON on input line 6092.
Package hyperref Info: backreferencing OFF on input line 6099.
Package hyperref Info: Link coloring OFF on input line 6104.
Package hyperref Info: Link coloring with OCG OFF on input line 6109.
Package hyperref Info: PDF/A mode OFF on input line 6114.
\Hy@abspage=\count290
\c@Item=\count291
\c@Hfootnote=\count292
)
Package hyperref Info: Driver (autodetected): hpdftex.

(/usr/share/texmf-dist/tex/latex/hyperref/hpdftex.def
File: hpdftex.def 2026-01-29 v7.01p Hyperref driver for pdfTeX
\Fld@listcount=\count293
\c@bookmark@seq@number=\count294

(/usr/share/texmf-dist/tex/latex/rerunfilecheck/rerunfilecheck.sty
Package: rerunfilecheck 2025-06-21 v1.11 Rerun checks for auxiliary files (HO)

(/usr/share/texmf-dist/tex/generic/uniquecounter/uniquecounter.sty
Package: uniquecounter 2019/12/15 v1.4 Provide unlimited unique counter (HO)
)
Package uniquecounter Info: New unique counter `rerunfilecheck' on input line 2
84.
)
\Hy@SectionHShift=\skip65
)
(/home/alessio/texmf/tex/latex/xcolor.sty

LaTeX Warning: You have requested package `xcolor',
               but the package provides `xcolor-2022-06-12'.

Package: xcolor-2022-06-12 2022/06/12 v2.14 LaTeX color extensions (UK)
(/usr/share/texmf-dist/tex/latex/graphics-cfg/color.cfg
File: color.cfg 2016/01/02 v1.6 sample color configuration
)
Package xcolor Info: Driver file: pdftex.def on input line 227.

(/usr/share/texmf-dist/tex/latex/graphics-def/pdftex.def
File: pdftex.def 2025/09/29 v1.2d Graphics/color driver for pdftex
)
(/usr/share/texmf-dist/tex/latex/graphics/mathcolor.ltx)
Package xcolor Info: Model `cmy' substituted by `cmy0' on input line 1353.
Package xcolor Info: Model `hsb' substituted by `rgb' on input line 1357.
Package xcolor Info: Model `RGB' extended on input line 1369.
Package xcolor Info: Model `HTML' substituted by `rgb' on input line 1371.
Package xcolor Info: Model `Hsb' substituted by `hsb' on input line 1372.
Package xcolor Info: Model `tHsb' substituted by `hsb' on input line 1373.
Package xcolor Info: Model `HSB' substituted by `hsb' on input line 1374.
Package xcolor Info: Model `Gray' substituted by `gray' on input line 1375.
Package xcolor Info: Model `wave' substituted by `hsb' on input line 1376.
)
(/home/alessio/texmf/tex/latex/pdfpages.sty
Package: pdfpages 2026/03/30 v0.6h Insert pages of external PDF documents (AM)

(/usr/share/texmf-dist/tex/latex/base/ifthen.sty
Package: ifthen 2024/03/16 v1.1e Standard LaTeX ifthen package (DPC)
)
(/usr/share/texmf-dist/tex/latex/tools/calc.sty
Package: calc 2025/03/01 v4.3b Infix arithmetic (KKT,FJ)
\calc@Acount=\count295
\calc@Bcount=\count296
\calc@Adimen=\dimen153
\calc@Bdimen=\dimen154
\calc@Askip=\skip66
\calc@Bskip=\skip67
LaTeX Info: Redefining \setlength on input line 86.
LaTeX Info: Redefining \addtolength on input line 87.
\calc@Ccount=\count297
\calc@Cskip=\skip68
)
(/home/alessio/texmf/tex/latex/eso-pic.sty
Package: eso-pic 2025/12/10 v3.0d eso-pic (RN)
\ESO@tempdima=\dimen155
\ESO@tempdimb=\dimen156
)
(/usr/share/texmf-dist/tex/latex/graphics/graphicx.sty
Package: graphicx 2024/12/31 v1.2e Enhanced LaTeX Graphics (DPC,SPQR)

(/usr/share/texmf-dist/tex/latex/graphics/graphics.sty
Package: graphics 2024/08/06 v1.4g Standard LaTeX Graphics (DPC,SPQR)

(/usr/share/texmf-dist/tex/latex/graphics/trig.sty
Package: trig 2023/12/02 v1.11 sin cos tan (DPC)
)
(/usr/share/texmf-dist/tex/latex/graphics-cfg/graphics.cfg
File: graphics.cfg 2016/06/04 v1.11 sample graphics configuration
)
Package graphics Info: Driver file: pdftex.def on input line 106.
)
\Gin@req@height=\dimen157
\Gin@req@width=\dimen158
)
\AM@pagewidth=\dimen159
\AM@pageheight=\dimen160
\AM@fboxrule=\dimen161

(/home/alessio/texmf/tex/latex/pdfpages/pppdftex.def
File: pppdftex.def 2026/03/30 v0.6h Pdfpages driver for pdfTeX (AM)
)
\pdfpages@includegraphics@status=\count298
\AM@pagebox=\box53
\AM@global@opts=\toks19
\AM@pagecnt=\count299
\AM@toc@title=\toks20
\AM@lof@heading=\toks21
\c@AM@survey=\count300
\AM@templatesizebox=\box54
)
Package hyperref Info: Option `colorlinks' set `true' on input line 10.

(/usr/share/texmf-dist/tex/latex/l3backend/l3backend-pdftex.def
File: l3backend-pdftex.def 2025-10-09 L3 backend support: PDF output (pdfTeX)
\l__color_backend_stack_int=\count301
)
(./D2_DispatchNet.aux)
\openout1 = `D2_DispatchNet.aux'.

LaTeX Font Info:    Checking defaults for OML/cmm/m/it on input line 33.
LaTeX Font Info:    ... okay on input line 33.
LaTeX Font Info:    Checking defaults for OMS/cmsy/m/n on input line 33.
LaTeX Font Info:    ... okay on input line 33.
LaTeX Font Info:    Checking defaults for OT1/cmr/m/n on input line 33.
LaTeX Font Info:    ... okay on input line 33.
LaTeX Font Info:    Checking defaults for T1/cmr/m/n on input line 33.
LaTeX Font Info:    ... okay on input line 33.
LaTeX Font Info:    Checking defaults for TS1/cmr/m/n on input line 33.
LaTeX Font Info:    ... okay on input line 33.
LaTeX Font Info:    Checking defaults for OMX/cmex/m/n on input line 33.
LaTeX Font Info:    ... okay on input line 33.
LaTeX Font Info:    Checking defaults for U/cmr/m/n on input line 33.
LaTeX Font Info:    ... okay on input line 33.
LaTeX Font Info:    Checking defaults for PD1/pdf/m/n on input line 33.
LaTeX Font Info:    ... okay on input line 33.
LaTeX Font Info:    Checking defaults for PU/pdf/m/n on input line 33.
LaTeX Font Info:    ... okay on input line 33.
Package hyperref Info: Link coloring ON on input line 33.
 (./D2_DispatchNet.out) (./D2_DispatchNet.out)
\@outlinefile=\write3
\openout3 = `D2_DispatchNet.out'.


(/usr/share/texmf-dist/tex/context/base/mkii/supp-pdf.mkii
[Loading MPS to PDF converter (version 2006.09.02).]
\scratchcounter=\count302
\scratchdimen=\dimen162
\scratchbox=\box55
\nofMPsegments=\count303
\nofMParguments=\count304
\everyMPshowfont=\toks22
\MPscratchCnt=\count305
\MPscratchDim=\dimen163
\MPnumerator=\count306
\makeMPintoPDFobject=\count307
\everyMPtoPDFconversion=\toks23
) (/usr/share/texmf-dist/tex/latex/epstopdf-pkg/epstopdf-base.sty
Package: epstopdf-base 2020-01-24 v2.11 Base part for package epstopdf
Package epstopdf-base Info: Redefining graphics rule for `.eps' on input line 4
85.

(/usr/share/texmf-dist/tex/latex/latexconfig/epstopdf-sys.cfg
File: epstopdf-sys.cfg 2010/07/13 v1.3 Configuration of (r)epstopdf for TeX Liv
e
))
(/home/alessio/texmf/tex/latex/pdflscape.sty
Package: pdflscape 2025-06-23 v0.14 Display of landscape pages in PDF

(/home/alessio/texmf/tex/latex/pdflscape/pdflscape-nometadata.sty
Package: pdflscape-nometadata 2025-06-23 v0.14 Display of landscape pages in PD
F (HO)

(/usr/share/texmf-dist/tex/latex/graphics/lscape.sty
Package: lscape 2020/05/28 v3.02 Landscape Pages (DPC)
)
Package pdflscape Info: Auto-detected driver: pdftex on input line 82.
))
LaTeX Font Info:    External font `cmex10' loaded for size
(Font)              <14.4> on input line 35.
LaTeX Font Info:    External font `cmex10' loaded for size
(Font)              <7> on input line 35.
 [1

{/var/lib/texmf/fonts/map/pdftex/updmap/pdftex.map}] (./D2_DispatchNet.toc
LaTeX Font Info:    External font `cmex10' loaded for size
(Font)              <12> on input line 3.
LaTeX Font Info:    External font `cmex10' loaded for size
(Font)              <8> on input line 3.
LaTeX Font Info:    External font `cmex10' loaded for size
(Font)              <6> on input line 3.
)
\tf@toc=\write4
\openout4 = `D2_DispatchNet.toc'.


Underfull \hbox (badness 10000) in paragraph at lines 40--45

 []

[2] [3]
Underfull \hbox (badness 10000) in paragraph at lines 66--67

 []


Underfull \hbox (badness 10000) in paragraph at lines 68--72

 []

[4] [5]
Underfull \hbox (badness 10000) in paragraph at lines 150--151

 []

[6]
<components/components_diagram.pdf, id=153, 677.53125pt x 677.53125pt>
File: components/components_diagram.pdf Graphic file (type pdf)
<use components/components_diagram.pdf>
Package pdftex.def Info: components/components_diagram.pdf  used on input line 
157.
(pdftex.def)             Requested size: 292.5pt x 292.51132pt.
<components/user_authentication_component.pdf, id=155, 677.53125pt x 903.375pt>

File: components/user_authentication_component.pdf Graphic file (type pdf)
<use components/user_authentication_component.pdf>
Package pdftex.def Info: components/user_authentication_component.pdf  used on 
input line 160.
(pdftex.def)             Requested size: 292.5pt x 390.0151pt.
 [7 <./components/components_diagram.pdf>]
<components/user_management_component.pdf, id=194, 648.62326pt x 916.02223pt>
File: components/user_management_component.pdf Graphic file (type pdf)
<use components/user_management_component.pdf>
Package pdftex.def Info: components/user_management_component.pdf  used on inpu
t line 165.
(pdftex.def)             Requested size: 292.5pt x 413.10075pt.
 [8 <./components/user_authentication_component.pdf>]
<components/ticketing_management_component.pdf, id=228, 677.53125pt x 1355.0625
pt>
File: components/ticketing_management_component.pdf Graphic file (type pdf)
<use components/ticketing_management_component.pdf>
Package pdftex.def Info: components/ticketing_management_component.pdf  used on
 input line 168.
(pdftex.def)             Requested size: 292.5pt x 585.02266pt.
 [9 <./components/user_management_component.pdf>] [10]
Overfull \vbox (74.57265pt too high) has occurred while \output is active []


[11 <./components/ticketing_management_component.pdf>]
File: components/ticketing_management_component.pdf Graphic file (type pdf)
<use components/ticketing_management_component.pdf>
Package pdftex.def Info: components/ticketing_management_component.pdf  used on
 input line 171.
(pdftex.def)             Requested size: 292.5pt x 585.02266pt.
 [12]
Overfull \vbox (74.57265pt too high) has occurred while \output is active []


[13]
File: components/ticketing_management_component.pdf Graphic file (type pdf)
<use components/ticketing_management_component.pdf>
Package pdftex.def Info: components/ticketing_management_component.pdf  used on
 input line 174.
(pdftex.def)             Requested size: 292.5pt x 585.02266pt.
 [14]
Overfull \vbox (71.77266pt too high) has occurred while \output is active []


[15]
<components/network_management_component.pdf, id=356, 1580.90625pt x 1129.21875
pt>
File: components/network_management_component.pdf Graphic file (type pdf)
<use components/network_management_component.pdf>
Package pdftex.def Info: components/network_management_component.pdf  used on i
nput line 177.
(pdftex.def)             Requested size: 292.5pt x 208.91943pt.
<components/service_management_component.pdf, id=358, 903.375pt x 903.375pt>
File: components/service_management_component.pdf Graphic file (type pdf)
<use components/service_management_component.pdf>
Package pdftex.def Info: components/service_management_component.pdf  used on i
nput line 180.
(pdftex.def)             Requested size: 292.5pt x 292.50443pt.
 [16 <./components/network_management_component.pdf>] [17 <./components/service
_management_component.pdf>]
<../D1_DispatchNet/D1_DispatchNet.pdf, id=440, 614.295pt x 794.97pt>
File: ../D1_DispatchNet/D1_DispatchNet.pdf Graphic file (type pdf)
<use ../D1_DispatchNet/D1_DispatchNet.pdf>
Package pdftex.def Info: ../D1_DispatchNet/D1_DispatchNet.pdf  used on input li
ne 184.
(pdftex.def)             Requested size: 614.29349pt x 794.96806pt.
<../D1_DispatchNet/D1_DispatchNet.pdf, id=442, page=1, 614.295pt x 794.97pt>
File: ../D1_DispatchNet/D1_DispatchNet.pdf Graphic file (type pdf)
<use ../D1_DispatchNet/D1_DispatchNet.pdf, page 1>
Package pdftex.def Info: ../D1_DispatchNet/D1_DispatchNet.pdf , page1 used on i
nput line 184.
(pdftex.def)             Requested size: 614.29349pt x 794.96806pt.
File: ../D1_DispatchNet/D1_DispatchNet.pdf Graphic file (type pdf)
<use ../D1_DispatchNet/D1_DispatchNet.pdf, page 1>
Package pdftex.def Info: ../D1_DispatchNet/D1_DispatchNet.pdf , page1 used on i
nput line 184.
(pdftex.def)             Requested size: 614.58406pt x 795.3441pt.
File: ../D1_DispatchNet/D1_DispatchNet.pdf Graphic file (type pdf)
<use ../D1_DispatchNet/D1_DispatchNet.pdf, page 1>
Package pdftex.def Info: ../D1_DispatchNet/D1_DispatchNet.pdf , page1 used on i
nput line 184.
(pdftex.def)             Requested size: 614.58406pt x 795.3441pt.
File: ../D1_DispatchNet/D1_DispatchNet.pdf Graphic file (type pdf)
<use ../D1_DispatchNet/D1_DispatchNet.pdf, page 1>
Package pdftex.def Info: ../D1_DispatchNet/D1_DispatchNet.pdf , page1 used on i
nput line 184.
(pdftex.def)             Requested size: 614.58406pt x 795.3441pt.
File: ../D1_DispatchNet/D1_DispatchNet.pdf Graphic file (type pdf)
<use ../D1_DispatchNet/D1_DispatchNet.pdf, page 1>
Package pdftex.def Info: ../D1_DispatchNet/D1_DispatchNet.pdf , page1 used on i
nput line 184.
(pdftex.def)             Requested size: 614.58406pt x 795.3441pt.
 [18

 <../D1_DispatchNet/D1_DispatchNet.pdf>]
<../D1_DispatchNet/D1_DispatchNet.pdf, id=467, page=2, 614.295pt x 794.97pt>
File: ../D1_DispatchNet/D1_DispatchNet.pdf Graphic file (type pdf)
<use ../D1_DispatchNet/D1_DispatchNet.pdf, page 2>
Package pdftex.def Info: ../D1_DispatchNet/D1_DispatchNet.pdf , page2 used on i
nput line 184.
(pdftex.def)             Requested size: 614.58406pt x 795.3441pt.
File: ../D1_DispatchNet/D1_DispatchNet.pdf Graphic file (type pdf)
<use ../D1_DispatchNet/D1_DispatchNet.pdf, page 2>
Package pdftex.def Info: ../D1_DispatchNet/D1_DispatchNet.pdf , page2 used on i
nput line 184.
(pdftex.def)             Requested size: 614.58406pt x 795.3441pt.
File: ../D1_DispatchNet/D1_DispatchNet.pdf Graphic file (type pdf)
<use ../D1_DispatchNet/D1_DispatchNet.pdf, page 2>
Package pdftex.def Info: ../D1_DispatchNet/D1_DispatchNet.pdf , page2 used on i
nput line 184.
(pdftex.def)             Requested size: 614.58406pt x 795.3441pt.

[19

 <../D1_DispatchNet/D1_DispatchNet.pdf>]
<../D1_DispatchNet/D1_DispatchNet.pdf, id=474, page=3, 614.295pt x 794.97pt>
File: ../D1_DispatchNet/D1_DispatchNet.pdf Graphic file (type pdf)
<use ../D1_DispatchNet/D1_DispatchNet.pdf, page 3>
Package pdftex.def Info: ../D1_DispatchNet/D1_DispatchNet.pdf , page3 used on i
nput line 184.
(pdftex.def)             Requested size: 614.58406pt x 795.3441pt.
File: ../D1_DispatchNet/D1_DispatchNet.pdf Graphic file (type pdf)
<use ../D1_DispatchNet/D1_DispatchNet.pdf, page 3>
Package pdftex.def Info: ../D1_DispatchNet/D1_DispatchNet.pdf , page3 used on i
nput line 184.
(pdftex.def)             Requested size: 614.58406pt x 795.3441pt.
File: ../D1_DispatchNet/D1_DispatchNet.pdf Graphic file (type pdf)
<use ../D1_DispatchNet/D1_DispatchNet.pdf, page 3>
Package pdftex.def Info: ../D1_DispatchNet/D1_DispatchNet.pdf , page3 used on i
nput line 184.
(pdftex.def)             Requested size: 614.58406pt x 795.3441pt.
 [20

 <../D1_DispatchNet/D1_DispatchNet.pdf>]
<../D1_DispatchNet/D1_DispatchNet.pdf, id=481, page=4, 614.295pt x 794.97pt>
File: ../D1_DispatchNet/D1_DispatchNet.pdf Graphic file (type pdf)
<use ../D1_DispatchNet/D1_DispatchNet.pdf, page 4>
Package pdftex.def Info: ../D1_DispatchNet/D1_DispatchNet.pdf , page4 used on i
nput line 184.
(pdftex.def)             Requested size: 614.58406pt x 795.3441pt.
File: ../D1_DispatchNet/D1_DispatchNet.pdf Graphic file (type pdf)
<use ../D1_DispatchNet/D1_DispatchNet.pdf, page 4>
Package pdftex.def Info: ../D1_DispatchNet/D1_DispatchNet.pdf , page4 used on i
nput line 184.
(pdftex.def)             Requested size: 614.58406pt x 795.3441pt.
File: ../D1_DispatchNet/D1_DispatchNet.pdf Graphic file (type pdf)
<use ../D1_DispatchNet/D1_DispatchNet.pdf, page 4>
Package pdftex.def Info: ../D1_DispatchNet/D1_DispatchNet.pdf , page4 used on i
nput line 184.
(pdftex.def)             Requested size: 614.58406pt x 795.3441pt.
 [21

 <../D1_DispatchNet/D1_DispatchNet.pdf>]
<../D1_DispatchNet/D1_DispatchNet.pdf, id=487, page=5, 614.295pt x 794.97pt>
File: ../D1_DispatchNet/D1_DispatchNet.pdf Graphic file (type pdf)
<use ../D1_DispatchNet/D1_DispatchNet.pdf, page 5>
Package pdftex.def Info: ../D1_DispatchNet/D1_DispatchNet.pdf , page5 used on i
nput line 184.
(pdftex.def)             Requested size: 614.58406pt x 795.3441pt.
File: ../D1_DispatchNet/D1_DispatchNet.pdf Graphic file (type pdf)
<use ../D1_DispatchNet/D1_DispatchNet.pdf, page 5>
Package pdftex.def Info: ../D1_DispatchNet/D1_DispatchNet.pdf , page5 used on i
nput line 184.
(pdftex.def)             Requested size: 614.58406pt x 795.3441pt.
File: ../D1_DispatchNet/D1_DispatchNet.pdf Graphic file (type pdf)
<use ../D1_DispatchNet/D1_DispatchNet.pdf, page 5>
Package pdftex.def Info: ../D1_DispatchNet/D1_DispatchNet.pdf , page5 used on i
nput line 184.
(pdftex.def)             Requested size: 614.58406pt x 795.3441pt.
 [22

 <../D1_DispatchNet/D1_DispatchNet.pdf>]
<../D1_DispatchNet/D1_DispatchNet.pdf, id=498, page=6, 614.295pt x 794.97pt>
File: ../D1_DispatchNet/D1_DispatchNet.pdf Graphic file (type pdf)
<use ../D1_DispatchNet/D1_DispatchNet.pdf, page 6>
Package pdftex.def Info: ../D1_DispatchNet/D1_DispatchNet.pdf , page6 used on i
nput line 184.
(pdftex.def)             Requested size: 614.58406pt x 795.3441pt.
File: ../D1_DispatchNet/D1_DispatchNet.pdf Graphic file (type pdf)
<use ../D1_DispatchNet/D1_DispatchNet.pdf, page 6>
Package pdftex.def Info: ../D1_DispatchNet/D1_DispatchNet.pdf , page6 used on i
nput line 184.
(pdftex.def)             Requested size: 614.58406pt x 795.3441pt.
File: ../D1_DispatchNet/D1_DispatchNet.pdf Graphic file (type pdf)
<use ../D1_DispatchNet/D1_DispatchNet.pdf, page 6>
Package pdftex.def Info: ../D1_DispatchNet/D1_DispatchNet.pdf , page6 used on i
nput line 184.
(pdftex.def)             Requested size: 614.58406pt x 795.3441pt.
 [23

 <../D1_DispatchNet/D1_DispatchNet.pdf>]
<../D1_DispatchNet/D1_DispatchNet.pdf, id=504, page=7, 614.295pt x 794.97pt>
File: ../D1_DispatchNet/D1_DispatchNet.pdf Graphic file (type pdf)
<use ../D1_DispatchNet/D1_DispatchNet.pdf, page 7>
Package pdftex.def Info: ../D1_DispatchNet/D1_DispatchNet.pdf , page7 used on i
nput line 184.
(pdftex.def)             Requested size: 614.58406pt x 795.3441pt.
File: ../D1_DispatchNet/D1_DispatchNet.pdf Graphic file (type pdf)
<use ../D1_DispatchNet/D1_DispatchNet.pdf, page 7>
Package pdftex.def Info: ../D1_DispatchNet/D1_DispatchNet.pdf , page7 used on i
nput line 184.
(pdftex.def)             Requested size: 614.58406pt x 795.3441pt.
File: ../D1_DispatchNet/D1_DispatchNet.pdf Graphic file (type pdf)
<use ../D1_DispatchNet/D1_DispatchNet.pdf, page 7>
Package pdftex.def Info: ../D1_DispatchNet/D1_DispatchNet.pdf , page7 used on i
nput line 184.
(pdftex.def)             Requested size: 614.58406pt x 795.3441pt.
 [24

 <../D1_DispatchNet/D1_DispatchNet.pdf>]
<../D1_DispatchNet/D1_DispatchNet.pdf, id=510, page=8, 614.295pt x 794.97pt>
File: ../D1_DispatchNet/D1_DispatchNet.pdf Graphic file (type pdf)
<use ../D1_DispatchNet/D1_DispatchNet.pdf, page 8>
Package pdftex.def Info: ../D1_DispatchNet/D1_DispatchNet.pdf , page8 used on i
nput line 184.
(pdftex.def)             Requested size: 614.58406pt x 795.3441pt.
File: ../D1_DispatchNet/D1_DispatchNet.pdf Graphic file (type pdf)
<use ../D1_DispatchNet/D1_DispatchNet.pdf, page 8>
Package pdftex.def Info: ../D1_DispatchNet/D1_DispatchNet.pdf , page8 used on i
nput line 184.
(pdftex.def)             Requested size: 614.58406pt x 795.3441pt.
File: ../D1_DispatchNet/D1_DispatchNet.pdf Graphic file (type pdf)
<use ../D1_DispatchNet/D1_DispatchNet.pdf, page 8>
Package pdftex.def Info: ../D1_DispatchNet/D1_DispatchNet.pdf , page8 used on i
nput line 184.
(pdftex.def)             Requested size: 614.58406pt x 795.3441pt.
 [25

 <../D1_DispatchNet/D1_DispatchNet.pdf>]
<../D1_DispatchNet/D1_DispatchNet.pdf, id=517, page=9, 614.295pt x 794.97pt>
File: ../D1_DispatchNet/D1_DispatchNet.pdf Graphic file (type pdf)
<use ../D1_DispatchNet/D1_DispatchNet.pdf, page 9>
Package pdftex.def Info: ../D1_DispatchNet/D1_DispatchNet.pdf , page9 used on i
nput line 184.
(pdftex.def)             Requested size: 614.58406pt x 795.3441pt.
File: ../D1_DispatchNet/D1_DispatchNet.pdf Graphic file (type pdf)
<use ../D1_DispatchNet/D1_DispatchNet.pdf, page 9>
Package pdftex.def Info: ../D1_DispatchNet/D1_DispatchNet.pdf , page9 used on i
nput line 184.
(pdftex.def)             Requested size: 614.58406pt x 795.3441pt.
File: ../D1_DispatchNet/D1_DispatchNet.pdf Graphic file (type pdf)
<use ../D1_DispatchNet/D1_DispatchNet.pdf, page 9>
Package pdftex.def Info: ../D1_DispatchNet/D1_DispatchNet.pdf , page9 used on i
nput line 184.
(pdftex.def)             Requested size: 614.58406pt x 795.3441pt.
 [26

 <../D1_DispatchNet/D1_DispatchNet.pdf>]
<../D1_DispatchNet/D1_DispatchNet.pdf, id=523, page=10, 614.295pt x 794.97pt>
File: ../D1_DispatchNet/D1_DispatchNet.pdf Graphic file (type pdf)
<use ../D1_DispatchNet/D1_DispatchNet.pdf, page 10>
Package pdftex.def Info: ../D1_DispatchNet/D1_DispatchNet.pdf , page10 used on 
input line 184.
(pdftex.def)             Requested size: 614.58406pt x 795.3441pt.
File: ../D1_DispatchNet/D1_DispatchNet.pdf Graphic file (type pdf)
<use ../D1_DispatchNet/D1_DispatchNet.pdf, page 10>
Package pdftex.def Info: ../D1_DispatchNet/D1_DispatchNet.pdf , page10 used on 
input line 184.
(pdftex.def)             Requested size: 614.58406pt x 795.3441pt.
File: ../D1_DispatchNet/D1_DispatchNet.pdf Graphic file (type pdf)
<use ../D1_DispatchNet/D1_DispatchNet.pdf, page 10>
Package pdftex.def Info: ../D1_DispatchNet/D1_DispatchNet.pdf , page10 used on 
input line 184.
(pdftex.def)             Requested size: 614.58406pt x 795.3441pt.
 [27

 <../D1_DispatchNet/D1_DispatchNet.pdf>]
<../D1_DispatchNet/D1_DispatchNet.pdf, id=529, page=11, 614.295pt x 794.97pt>
File: ../D1_DispatchNet/D1_DispatchNet.pdf Graphic file (type pdf)
<use ../D1_DispatchNet/D1_DispatchNet.pdf, page 11>
Package pdftex.def Info: ../D1_DispatchNet/D1_DispatchNet.pdf , page11 used on 
input line 184.
(pdftex.def)             Requested size: 614.58406pt x 795.3441pt.
File: ../D1_DispatchNet/D1_DispatchNet.pdf Graphic file (type pdf)
<use ../D1_DispatchNet/D1_DispatchNet.pdf, page 11>
Package pdftex.def Info: ../D1_DispatchNet/D1_DispatchNet.pdf , page11 used on 
input line 184.
(pdftex.def)             Requested size: 614.58406pt x 795.3441pt.
File: ../D1_DispatchNet/D1_DispatchNet.pdf Graphic file (type pdf)
<use ../D1_DispatchNet/D1_DispatchNet.pdf, page 11>
Package pdftex.def Info: ../D1_DispatchNet/D1_DispatchNet.pdf , page11 used on 
input line 184.
(pdftex.def)             Requested size: 614.58406pt x 795.3441pt.
[28

 <../D1_DispatchNet/D1_DispatchNet.pdf>]
<../D1_DispatchNet/D1_DispatchNet.pdf, id=535, page=12, 614.295pt x 794.97pt>
File: ../D1_DispatchNet/D1_DispatchNet.pdf Graphic file (type pdf)
<use ../D1_DispatchNet/D1_DispatchNet.pdf, page 12>
Package pdftex.def Info: ../D1_DispatchNet/D1_DispatchNet.pdf , page12 used on 
input line 184.
(pdftex.def)             Requested size: 614.58406pt x 795.3441pt.
File: ../D1_DispatchNet/D1_DispatchNet.pdf Graphic file (type pdf)
<use ../D1_DispatchNet/D1_DispatchNet.pdf, page 12>
Package pdftex.def Info: ../D1_DispatchNet/D1_DispatchNet.pdf , page12 used on 
input line 184.
(pdftex.def)             Requested size: 614.58406pt x 795.3441pt.
File: ../D1_DispatchNet/D1_DispatchNet.pdf Graphic file (type pdf)
<use ../D1_DispatchNet/D1_DispatchNet.pdf, page 12>
Package pdftex.def Info: ../D1_DispatchNet/D1_DispatchNet.pdf , page12 used on 
input line 184.
(pdftex.def)             Requested size: 614.58406pt x 795.3441pt.
 [29

 <../D1_DispatchNet/D1_DispatchNet.pdf>]
<../D1_DispatchNet/D1_DispatchNet.pdf, id=541, page=13, 614.295pt x 794.97pt>
File: ../D1_DispatchNet/D1_DispatchNet.pdf Graphic file (type pdf)
<use ../D1_DispatchNet/D1_DispatchNet.pdf, page 13>
Package pdftex.def Info: ../D1_DispatchNet/D1_DispatchNet.pdf , page13 used on 
input line 184.
(pdftex.def)             Requested size: 614.58406pt x 795.3441pt.
File: ../D1_DispatchNet/D1_DispatchNet.pdf Graphic file (type pdf)
<use ../D1_DispatchNet/D1_DispatchNet.pdf, page 13>
Package pdftex.def Info: ../D1_DispatchNet/D1_DispatchNet.pdf , page13 used on 
input line 184.
(pdftex.def)             Requested size: 614.58406pt x 795.3441pt.
File: ../D1_DispatchNet/D1_DispatchNet.pdf Graphic file (type pdf)
<use ../D1_DispatchNet/D1_DispatchNet.pdf, page 13>
Package pdftex.def Info: ../D1_DispatchNet/D1_DispatchNet.pdf , page13 used on 
input line 184.
(pdftex.def)             Requested size: 614.58406pt x 795.3441pt.
 [30

 <../D1_DispatchNet/D1_DispatchNet.pdf>]
<../D1_DispatchNet/D1_DispatchNet.pdf, id=547, page=14, 614.295pt x 794.97pt>
File: ../D1_DispatchNet/D1_DispatchNet.pdf Graphic file (type pdf)
<use ../D1_DispatchNet/D1_DispatchNet.pdf, page 14>
Package pdftex.def Info: ../D1_DispatchNet/D1_DispatchNet.pdf , page14 used on 
input line 184.
(pdftex.def)             Requested size: 614.58406pt x 795.3441pt.
File: ../D1_DispatchNet/D1_DispatchNet.pdf Graphic file (type pdf)
<use ../D1_DispatchNet/D1_DispatchNet.pdf, page 14>
Package pdftex.def Info: ../D1_DispatchNet/D1_DispatchNet.pdf , page14 used on 
input line 184.
(pdftex.def)             Requested size: 614.58406pt x 795.3441pt.
File: ../D1_DispatchNet/D1_DispatchNet.pdf Graphic file (type pdf)
<use ../D1_DispatchNet/D1_DispatchNet.pdf, page 14>
Package pdftex.def Info: ../D1_DispatchNet/D1_DispatchNet.pdf , page14 used on 
input line 184.
(pdftex.def)             Requested size: 614.58406pt x 795.3441pt.
 [31

 <../D1_DispatchNet/D1_DispatchNet.pdf>]
<../D1_DispatchNet/D1_DispatchNet.pdf, id=554, page=15, 614.295pt x 794.97pt>
File: ../D1_DispatchNet/D1_DispatchNet.pdf Graphic file (type pdf)
<use ../D1_DispatchNet/D1_DispatchNet.pdf, page 15>
Package pdftex.def Info: ../D1_DispatchNet/D1_DispatchNet.pdf , page15 used on 
input line 184.
(pdftex.def)             Requested size: 614.58406pt x 795.3441pt.
File: ../D1_DispatchNet/D1_DispatchNet.pdf Graphic file (type pdf)
<use ../D1_DispatchNet/D1_DispatchNet.pdf, page 15>
Package pdftex.def Info: ../D1_DispatchNet/D1_DispatchNet.pdf , page15 used on 
input line 184.
(pdftex.def)             Requested size: 614.58406pt x 795.3441pt.
File: ../D1_DispatchNet/D1_DispatchNet.pdf Graphic file (type pdf)
<use ../D1_DispatchNet/D1_DispatchNet.pdf, page 15>
Package pdftex.def Info: ../D1_DispatchNet/D1_DispatchNet.pdf , page15 used on 
input line 184.
(pdftex.def)             Requested size: 614.58406pt x 795.3441pt.
 [32

 <../D1_DispatchNet/D1_DispatchNet.pdf>]
<../D1_DispatchNet/D1_DispatchNet.pdf, id=560, page=16, 614.295pt x 794.97pt>
File: ../D1_DispatchNet/D1_DispatchNet.pdf Graphic file (type pdf)
<use ../D1_DispatchNet/D1_DispatchNet.pdf, page 16>
Package pdftex.def Info: ../D1_DispatchNet/D1_DispatchNet.pdf , page16 used on 
input line 184.
(pdftex.def)             Requested size: 614.58406pt x 795.3441pt.
File: ../D1_DispatchNet/D1_DispatchNet.pdf Graphic file (type pdf)
<use ../D1_DispatchNet/D1_DispatchNet.pdf, page 16>
Package pdftex.def Info: ../D1_DispatchNet/D1_DispatchNet.pdf , page16 used on 
input line 184.
(pdftex.def)             Requested size: 614.58406pt x 795.3441pt.
File: ../D1_DispatchNet/D1_DispatchNet.pdf Graphic file (type pdf)
<use ../D1_DispatchNet/D1_DispatchNet.pdf, page 16>
Package pdftex.def Info: ../D1_DispatchNet/D1_DispatchNet.pdf , page16 used on 
input line 184.
(pdftex.def)             Requested size: 614.58406pt x 795.3441pt.
 [33

 <../D1_DispatchNet/D1_DispatchNet.pdf>]
<../D1_DispatchNet/D1_DispatchNet.pdf, id=566, page=17, 614.295pt x 794.97pt>
File: ../D1_DispatchNet/D1_DispatchNet.pdf Graphic file (type pdf)
<use ../D1_DispatchNet/D1_DispatchNet.pdf, page 17>
Package pdftex.def Info: ../D1_DispatchNet/D1_DispatchNet.pdf , page17 used on 
input line 184.
(pdftex.def)             Requested size: 614.58406pt x 795.3441pt.
File: ../D1_DispatchNet/D1_DispatchNet.pdf Graphic file (type pdf)
<use ../D1_DispatchNet/D1_DispatchNet.pdf, page 17>
Package pdftex.def Info: ../D1_DispatchNet/D1_DispatchNet.pdf , page17 used on 
input line 184.
(pdftex.def)             Requested size: 614.58406pt x 795.3441pt.
File: ../D1_DispatchNet/D1_DispatchNet.pdf Graphic file (type pdf)
<use ../D1_DispatchNet/D1_DispatchNet.pdf, page 17>
Package pdftex.def Info: ../D1_DispatchNet/D1_DispatchNet.pdf , page17 used on 
input line 184.
(pdftex.def)             Requested size: 614.58406pt x 795.3441pt.
 [34

 <../D1_DispatchNet/D1_DispatchNet.pdf>]
<../D1_DispatchNet/D1_DispatchNet.pdf, id=572, page=18, 614.295pt x 794.97pt>
File: ../D1_DispatchNet/D1_DispatchNet.pdf Graphic file (type pdf)
<use ../D1_DispatchNet/D1_DispatchNet.pdf, page 18>
Package pdftex.def Info: ../D1_DispatchNet/D1_DispatchNet.pdf , page18 used on 
input line 184.
(pdftex.def)             Requested size: 614.58406pt x 795.3441pt.
File: ../D1_DispatchNet/D1_DispatchNet.pdf Graphic file (type pdf)
<use ../D1_DispatchNet/D1_DispatchNet.pdf, page 18>
Package pdftex.def Info: ../D1_DispatchNet/D1_DispatchNet.pdf , page18 used on 
input line 184.
(pdftex.def)             Requested size: 614.58406pt x 795.3441pt.
File: ../D1_DispatchNet/D1_DispatchNet.pdf Graphic file (type pdf)
<use ../D1_DispatchNet/D1_DispatchNet.pdf, page 18>
Package pdftex.def Info: ../D1_DispatchNet/D1_DispatchNet.pdf , page18 used on 
input line 184.
(pdftex.def)             Requested size: 614.58406pt x 795.3441pt.
 [35

 <../D1_DispatchNet/D1_DispatchNet.pdf>]
<../D1_DispatchNet/D1_DispatchNet.pdf, id=578, page=19, 614.295pt x 794.97pt>
File: ../D1_DispatchNet/D1_DispatchNet.pdf Graphic file (type pdf)
<use ../D1_DispatchNet/D1_DispatchNet.pdf, page 19>
Package pdftex.def Info: ../D1_DispatchNet/D1_DispatchNet.pdf , page19 used on 
input line 184.
(pdftex.def)             Requested size: 614.58406pt x 795.3441pt.
File: ../D1_DispatchNet/D1_DispatchNet.pdf Graphic file (type pdf)
<use ../D1_DispatchNet/D1_DispatchNet.pdf, page 19>
Package pdftex.def Info: ../D1_DispatchNet/D1_DispatchNet.pdf , page19 used on 
input line 184.
(pdftex.def)             Requested size: 614.58406pt x 795.3441pt.
File: ../D1_DispatchNet/D1_DispatchNet.pdf Graphic file (type pdf)
<use ../D1_DispatchNet/D1_DispatchNet.pdf, page 19>
Package pdftex.def Info: ../D1_DispatchNet/D1_DispatchNet.pdf , page19 used on 
input line 184.
(pdftex.def)             Requested size: 614.58406pt x 795.3441pt.
 [36

 <../D1_DispatchNet/D1_DispatchNet.pdf>]
<../D1_DispatchNet/D1_DispatchNet.pdf, id=584, page=20, 614.295pt x 794.97pt>
File: ../D1_DispatchNet/D1_DispatchNet.pdf Graphic file (type pdf)
<use ../D1_DispatchNet/D1_DispatchNet.pdf, page 20>
Package pdftex.def Info: ../D1_DispatchNet/D1_DispatchNet.pdf , page20 used on 
input line 184.
(pdftex.def)             Requested size: 614.58406pt x 795.3441pt.
File: ../D1_DispatchNet/D1_DispatchNet.pdf Graphic file (type pdf)
<use ../D1_DispatchNet/D1_DispatchNet.pdf, page 20>
Package pdftex.def Info: ../D1_DispatchNet/D1_DispatchNet.pdf , page20 used on 
input line 184.
(pdftex.def)             Requested size: 614.58406pt x 795.3441pt.
File: ../D1_DispatchNet/D1_DispatchNet.pdf Graphic file (type pdf)
<use ../D1_DispatchNet/D1_DispatchNet.pdf, page 20>
Package pdftex.def Info: ../D1_DispatchNet/D1_DispatchNet.pdf , page20 used on 
input line 184.
(pdftex.def)             Requested size: 614.58406pt x 795.3441pt.
[37

 <../D1_DispatchNet/D1_DispatchNet.pdf>] (./D2_DispatchNet.aux)
 ***********
LaTeX2e <2025-11-01>
L3 programming layer <2026-01-19>
 ***********
Package rerunfilecheck Info: File `D2_DispatchNet.out' has not changed.
(rerunfilecheck)             Checksum: 23E7109D44CEF187D0D72A18CB987AE8;2853.
 ) 
Here is how much of TeX's memory you used:
 10337 strings out of 469515
 163139 string characters out of 5470807
 574782 words of memory out of 5000000
 38824 multiletter control sequences out of 15000+600000
 634227 words of font info for 61 fonts, out of 8000000 for 9000
 14 hyphenation exceptions out of 8191
 75i,17n,79p,310b,605s stack positions out of 10000i,1000n,20000p,200000b,200000s
 </home/alessio/.texlive/texmf-var/fonts/pk/ljfour/jknappen/ec/tcrm1200.600pk
></usr/share/texmf-dist/fonts/type1/public/amsfonts/cm/cmbx12.pfb></usr/share/t
exmf-dist/fonts/type1/public/amsfonts/cm/cmr10.pfb></usr/share/texmf-dist/fonts
/type1/public/amsfonts/cm/cmr12.pfb></usr/share/texmf-dist/fonts/type1/public/a
msfonts/cm/cmti12.pfb>
Output written on D2_DispatchNet.pdf (37 pages, 239942 bytes).
PDF statistics:
 630 PDF objects out of 1000 (max. 8388607)
 544 compressed objects within 6 object streams
 63 named destinations out of 1000 (max. 500000)
 325 words of extra memory for PDF output out of 10000 (max. 10000000)

